<?xml version="1.0" encoding="UTF-8"?>
<!-- Generated by org.testng.reporters.JUnitXMLReporter -->
<testsuite hostname="myntra-MacBookPro" name="ATSServiceTest" tests="2" failures="0" timestamp="18 May 2018 04:54:03 GMT" time="2.013" errors="0">
  <testcase name="testSetandGetATSUserOpenOrdersValue" time="1.643" classname="com.myntra.apiTests.portalservices.atsService.TestATSAPISV2"/>
  <testcase name="testSetandGetATSUserOpenOrdersValue" time="0.311" classname="com.myntra.apiTests.portalservices.atsService.TestATSAPISV2"/>
</testsuite> <!-- ATSServiceTest -->
