<?xml version="1.0" encoding="UTF-8"?>
<!-- Generated by org.testng.reporters.JUnitXMLReporter -->
<testsuite hostname="myntra-MacBookPro" name="ATSServiceTest" tests="63" failures="63" timestamp="17 May 2018 10:02:35 GMT" time="6.209" errors="0">
  <testcase name="testSetandGetATSUserDetailsVerification" time="1.145" classname="com.myntra.apiTests.portalservices.atsService.TestATSAPISV2">
    <failure type="javax.ws.rs.ProcessingException" message="Already connected">
      <![CDATA[javax.ws.rs.ProcessingException: Already connected
	at org.glassfish.jersey.client.ClientRuntime.invoke(ClientRuntime.java:263)
	at org.glassfish.jersey.client.JerseyInvocation$1.call(JerseyInvocation.java:671)
	at org.glassfish.jersey.client.JerseyInvocation$1.call(JerseyInvocation.java:668)
	at org.glassfish.jersey.internal.Errors.process(Errors.java:315)
	at org.glassfish.jersey.internal.Errors.process(Errors.java:297)
	at org.glassfish.jersey.internal.Errors.process(Errors.java:228)
	at org.glassfish.jersey.process.internal.RequestScope.runInScope(RequestScope.java:444)
	at org.glassfish.jersey.client.JerseyInvocation.invoke(JerseyInvocation.java:668)
	at org.glassfish.jersey.client.JerseyInvocation$Builder.method(JerseyInvocation.java:428)
	at org.glassfish.jersey.client.JerseyInvocation$Builder.post(JerseyInvocation.java:334)
	at com.myntra.lordoftherings.gandalf.RequestGenerator.CollectResponse(RequestGenerator.java:290)
	at com.myntra.lordoftherings.gandalf.RequestGenerator.PostResponse(RequestGenerator.java:194)
	at com.myntra.lordoftherings.gandalf.RequestGenerator.<init>(RequestGenerator.java:136)
	at com.myntra.apiTests.portalservices.idpservice.IDPServiceHelper.performSignUpOperation(IDPServiceHelper.java:67)
	at com.myntra.apiTests.portalservices.atsService.ATSHelper.performSignup(ATSHelper.java:156)
	at com.myntra.apiTests.portalservices.atsService.TestATSAPISV2.testSetandGetATSUserDetailsVerification(TestATSAPISV2.java:52)
Caused by: java.lang.IllegalStateException: Already connected
	at sun.net.www.protocol.http.HttpURLConnection.setRequestProperty(HttpURLConnection.java:3071)
	at org.glassfish.jersey.client.HttpUrlConnector.setOutboundHeaders(HttpUrlConnector.java:374)
	at org.glassfish.jersey.client.HttpUrlConnector.access$100(HttpUrlConnector.java:91)
	at org.glassfish.jersey.client.HttpUrlConnector$4.getOutputStream(HttpUrlConnector.java:325)
	at org.glassfish.jersey.message.internal.CommittingOutputStream.commitStream(CommittingOutputStream.java:200)
	at org.glassfish.jersey.message.internal.CommittingOutputStream.commitStream(CommittingOutputStream.java:194)
	at org.glassfish.jersey.message.internal.CommittingOutputStream.commit(CommittingOutputStream.java:262)
	at org.glassfish.jersey.message.internal.OutboundMessageContext.commitStream(OutboundMessageContext.java:816)
	at org.glassfish.jersey.client.ClientRequest.writeEntity(ClientRequest.java:545)
	at org.glassfish.jersey.client.HttpUrlConnector._apply(HttpUrlConnector.java:329)
	at org.glassfish.jersey.client.HttpUrlConnector.apply(HttpUrlConnector.java:242)
	at org.glassfish.jersey.client.ClientRuntime.invoke(ClientRuntime.java:254)
	... 42 more
... Removed 27 stack frames]]>
    </failure>
  </testcase> <!-- testSetandGetATSUserDetailsVerification -->
  <testcase name="testSetandGetATSUserDetailsVerification" time="0.054" classname="com.myntra.apiTests.portalservices.atsService.TestATSAPISV2">
    <failure type="javax.ws.rs.ProcessingException" message="Already connected">
      <![CDATA[javax.ws.rs.ProcessingException: Already connected
	at org.glassfish.jersey.client.ClientRuntime.invoke(ClientRuntime.java:263)
	at org.glassfish.jersey.client.JerseyInvocation$1.call(JerseyInvocation.java:671)
	at org.glassfish.jersey.client.JerseyInvocation$1.call(JerseyInvocation.java:668)
	at org.glassfish.jersey.internal.Errors.process(Errors.java:315)
	at org.glassfish.jersey.internal.Errors.process(Errors.java:297)
	at org.glassfish.jersey.internal.Errors.process(Errors.java:228)
	at org.glassfish.jersey.process.internal.RequestScope.runInScope(RequestScope.java:444)
	at org.glassfish.jersey.client.JerseyInvocation.invoke(JerseyInvocation.java:668)
	at org.glassfish.jersey.client.JerseyInvocation$Builder.method(JerseyInvocation.java:428)
	at org.glassfish.jersey.client.JerseyInvocation$Builder.post(JerseyInvocation.java:334)
	at com.myntra.lordoftherings.gandalf.RequestGenerator.CollectResponse(RequestGenerator.java:290)
	at com.myntra.lordoftherings.gandalf.RequestGenerator.PostResponse(RequestGenerator.java:194)
	at com.myntra.lordoftherings.gandalf.RequestGenerator.<init>(RequestGenerator.java:136)
	at com.myntra.apiTests.portalservices.idpservice.IDPServiceHelper.performSignUpOperation(IDPServiceHelper.java:67)
	at com.myntra.apiTests.portalservices.atsService.ATSHelper.performSignup(ATSHelper.java:156)
	at com.myntra.apiTests.portalservices.atsService.TestATSAPISV2.testSetandGetATSUserDetailsVerification(TestATSAPISV2.java:52)
Caused by: java.lang.IllegalStateException: Already connected
	at sun.net.www.protocol.http.HttpURLConnection.setRequestProperty(HttpURLConnection.java:3071)
	at org.glassfish.jersey.client.HttpUrlConnector.setOutboundHeaders(HttpUrlConnector.java:374)
	at org.glassfish.jersey.client.HttpUrlConnector.access$100(HttpUrlConnector.java:91)
	at org.glassfish.jersey.client.HttpUrlConnector$4.getOutputStream(HttpUrlConnector.java:325)
	at org.glassfish.jersey.message.internal.CommittingOutputStream.commitStream(CommittingOutputStream.java:200)
	at org.glassfish.jersey.message.internal.CommittingOutputStream.commitStream(CommittingOutputStream.java:194)
	at org.glassfish.jersey.message.internal.CommittingOutputStream.commit(CommittingOutputStream.java:262)
	at org.glassfish.jersey.message.internal.OutboundMessageContext.commitStream(OutboundMessageContext.java:816)
	at org.glassfish.jersey.client.ClientRequest.writeEntity(ClientRequest.java:545)
	at org.glassfish.jersey.client.HttpUrlConnector._apply(HttpUrlConnector.java:329)
	at org.glassfish.jersey.client.HttpUrlConnector.apply(HttpUrlConnector.java:242)
	at org.glassfish.jersey.client.ClientRuntime.invoke(ClientRuntime.java:254)
	... 42 more
... Removed 27 stack frames]]>
    </failure>
  </testcase> <!-- testSetandGetATSUserDetailsVerification -->
  <testcase name="testSetandGetATSUserDetailsVerification" time="0.054" classname="com.myntra.apiTests.portalservices.atsService.TestATSAPISV2">
    <failure type="javax.ws.rs.ProcessingException" message="Already connected">
      <![CDATA[javax.ws.rs.ProcessingException: Already connected
	at org.glassfish.jersey.client.ClientRuntime.invoke(ClientRuntime.java:263)
	at org.glassfish.jersey.client.JerseyInvocation$1.call(JerseyInvocation.java:671)
	at org.glassfish.jersey.client.JerseyInvocation$1.call(JerseyInvocation.java:668)
	at org.glassfish.jersey.internal.Errors.process(Errors.java:315)
	at org.glassfish.jersey.internal.Errors.process(Errors.java:297)
	at org.glassfish.jersey.internal.Errors.process(Errors.java:228)
	at org.glassfish.jersey.process.internal.RequestScope.runInScope(RequestScope.java:444)
	at org.glassfish.jersey.client.JerseyInvocation.invoke(JerseyInvocation.java:668)
	at org.glassfish.jersey.client.JerseyInvocation$Builder.method(JerseyInvocation.java:428)
	at org.glassfish.jersey.client.JerseyInvocation$Builder.post(JerseyInvocation.java:334)
	at com.myntra.lordoftherings.gandalf.RequestGenerator.CollectResponse(RequestGenerator.java:290)
	at com.myntra.lordoftherings.gandalf.RequestGenerator.PostResponse(RequestGenerator.java:194)
	at com.myntra.lordoftherings.gandalf.RequestGenerator.<init>(RequestGenerator.java:136)
	at com.myntra.apiTests.portalservices.idpservice.IDPServiceHelper.performSignUpOperation(IDPServiceHelper.java:67)
	at com.myntra.apiTests.portalservices.atsService.ATSHelper.performSignup(ATSHelper.java:156)
	at com.myntra.apiTests.portalservices.atsService.TestATSAPISV2.testSetandGetATSUserDetailsVerification(TestATSAPISV2.java:52)
Caused by: java.lang.IllegalStateException: Already connected
	at sun.net.www.protocol.http.HttpURLConnection.setRequestProperty(HttpURLConnection.java:3071)
	at org.glassfish.jersey.client.HttpUrlConnector.setOutboundHeaders(HttpUrlConnector.java:374)
	at org.glassfish.jersey.client.HttpUrlConnector.access$100(HttpUrlConnector.java:91)
	at org.glassfish.jersey.client.HttpUrlConnector$4.getOutputStream(HttpUrlConnector.java:325)
	at org.glassfish.jersey.message.internal.CommittingOutputStream.commitStream(CommittingOutputStream.java:200)
	at org.glassfish.jersey.message.internal.CommittingOutputStream.commitStream(CommittingOutputStream.java:194)
	at org.glassfish.jersey.message.internal.CommittingOutputStream.commit(CommittingOutputStream.java:262)
	at org.glassfish.jersey.message.internal.OutboundMessageContext.commitStream(OutboundMessageContext.java:816)
	at org.glassfish.jersey.client.ClientRequest.writeEntity(ClientRequest.java:545)
	at org.glassfish.jersey.client.HttpUrlConnector._apply(HttpUrlConnector.java:329)
	at org.glassfish.jersey.client.HttpUrlConnector.apply(HttpUrlConnector.java:242)
	at org.glassfish.jersey.client.ClientRuntime.invoke(ClientRuntime.java:254)
	... 42 more
... Removed 27 stack frames]]>
    </failure>
  </testcase> <!-- testSetandGetATSUserDetailsVerification -->
  <testcase name="testSetandGetATSUserDetailsVerification" time="0.058" classname="com.myntra.apiTests.portalservices.atsService.TestATSAPISV2">
    <failure type="javax.ws.rs.ProcessingException" message="Already connected">
      <![CDATA[javax.ws.rs.ProcessingException: Already connected
	at org.glassfish.jersey.client.ClientRuntime.invoke(ClientRuntime.java:263)
	at org.glassfish.jersey.client.JerseyInvocation$1.call(JerseyInvocation.java:671)
	at org.glassfish.jersey.client.JerseyInvocation$1.call(JerseyInvocation.java:668)
	at org.glassfish.jersey.internal.Errors.process(Errors.java:315)
	at org.glassfish.jersey.internal.Errors.process(Errors.java:297)
	at org.glassfish.jersey.internal.Errors.process(Errors.java:228)
	at org.glassfish.jersey.process.internal.RequestScope.runInScope(RequestScope.java:444)
	at org.glassfish.jersey.client.JerseyInvocation.invoke(JerseyInvocation.java:668)
	at org.glassfish.jersey.client.JerseyInvocation$Builder.method(JerseyInvocation.java:428)
	at org.glassfish.jersey.client.JerseyInvocation$Builder.post(JerseyInvocation.java:334)
	at com.myntra.lordoftherings.gandalf.RequestGenerator.CollectResponse(RequestGenerator.java:290)
	at com.myntra.lordoftherings.gandalf.RequestGenerator.PostResponse(RequestGenerator.java:194)
	at com.myntra.lordoftherings.gandalf.RequestGenerator.<init>(RequestGenerator.java:136)
	at com.myntra.apiTests.portalservices.idpservice.IDPServiceHelper.performSignUpOperation(IDPServiceHelper.java:67)
	at com.myntra.apiTests.portalservices.atsService.ATSHelper.performSignup(ATSHelper.java:156)
	at com.myntra.apiTests.portalservices.atsService.TestATSAPISV2.testSetandGetATSUserDetailsVerification(TestATSAPISV2.java:52)
Caused by: java.lang.IllegalStateException: Already connected
	at sun.net.www.protocol.http.HttpURLConnection.setRequestProperty(HttpURLConnection.java:3071)
	at org.glassfish.jersey.client.HttpUrlConnector.setOutboundHeaders(HttpUrlConnector.java:374)
	at org.glassfish.jersey.client.HttpUrlConnector.access$100(HttpUrlConnector.java:91)
	at org.glassfish.jersey.client.HttpUrlConnector$4.getOutputStream(HttpUrlConnector.java:325)
	at org.glassfish.jersey.message.internal.CommittingOutputStream.commitStream(CommittingOutputStream.java:200)
	at org.glassfish.jersey.message.internal.CommittingOutputStream.commitStream(CommittingOutputStream.java:194)
	at org.glassfish.jersey.message.internal.CommittingOutputStream.commit(CommittingOutputStream.java:262)
	at org.glassfish.jersey.message.internal.OutboundMessageContext.commitStream(OutboundMessageContext.java:816)
	at org.glassfish.jersey.client.ClientRequest.writeEntity(ClientRequest.java:545)
	at org.glassfish.jersey.client.HttpUrlConnector._apply(HttpUrlConnector.java:329)
	at org.glassfish.jersey.client.HttpUrlConnector.apply(HttpUrlConnector.java:242)
	at org.glassfish.jersey.client.ClientRuntime.invoke(ClientRuntime.java:254)
	... 42 more
... Removed 27 stack frames]]>
    </failure>
  </testcase> <!-- testSetandGetATSUserDetailsVerification -->
  <testcase name="testSetandGetATSUserDetailsVerification" time="0.05" classname="com.myntra.apiTests.portalservices.atsService.TestATSAPISV2">
    <failure type="javax.ws.rs.ProcessingException" message="Already connected">
      <![CDATA[javax.ws.rs.ProcessingException: Already connected
	at org.glassfish.jersey.client.ClientRuntime.invoke(ClientRuntime.java:263)
	at org.glassfish.jersey.client.JerseyInvocation$1.call(JerseyInvocation.java:671)
	at org.glassfish.jersey.client.JerseyInvocation$1.call(JerseyInvocation.java:668)
	at org.glassfish.jersey.internal.Errors.process(Errors.java:315)
	at org.glassfish.jersey.internal.Errors.process(Errors.java:297)
	at org.glassfish.jersey.internal.Errors.process(Errors.java:228)
	at org.glassfish.jersey.process.internal.RequestScope.runInScope(RequestScope.java:444)
	at org.glassfish.jersey.client.JerseyInvocation.invoke(JerseyInvocation.java:668)
	at org.glassfish.jersey.client.JerseyInvocation$Builder.method(JerseyInvocation.java:428)
	at org.glassfish.jersey.client.JerseyInvocation$Builder.post(JerseyInvocation.java:334)
	at com.myntra.lordoftherings.gandalf.RequestGenerator.CollectResponse(RequestGenerator.java:290)
	at com.myntra.lordoftherings.gandalf.RequestGenerator.PostResponse(RequestGenerator.java:194)
	at com.myntra.lordoftherings.gandalf.RequestGenerator.<init>(RequestGenerator.java:136)
	at com.myntra.apiTests.portalservices.idpservice.IDPServiceHelper.performSignUpOperation(IDPServiceHelper.java:67)
	at com.myntra.apiTests.portalservices.atsService.ATSHelper.performSignup(ATSHelper.java:156)
	at com.myntra.apiTests.portalservices.atsService.TestATSAPISV2.testSetandGetATSUserDetailsVerification(TestATSAPISV2.java:52)
Caused by: java.lang.IllegalStateException: Already connected
	at sun.net.www.protocol.http.HttpURLConnection.setRequestProperty(HttpURLConnection.java:3071)
	at org.glassfish.jersey.client.HttpUrlConnector.setOutboundHeaders(HttpUrlConnector.java:374)
	at org.glassfish.jersey.client.HttpUrlConnector.access$100(HttpUrlConnector.java:91)
	at org.glassfish.jersey.client.HttpUrlConnector$4.getOutputStream(HttpUrlConnector.java:325)
	at org.glassfish.jersey.message.internal.CommittingOutputStream.commitStream(CommittingOutputStream.java:200)
	at org.glassfish.jersey.message.internal.CommittingOutputStream.commitStream(CommittingOutputStream.java:194)
	at org.glassfish.jersey.message.internal.CommittingOutputStream.commit(CommittingOutputStream.java:262)
	at org.glassfish.jersey.message.internal.OutboundMessageContext.commitStream(OutboundMessageContext.java:816)
	at org.glassfish.jersey.client.ClientRequest.writeEntity(ClientRequest.java:545)
	at org.glassfish.jersey.client.HttpUrlConnector._apply(HttpUrlConnector.java:329)
	at org.glassfish.jersey.client.HttpUrlConnector.apply(HttpUrlConnector.java:242)
	at org.glassfish.jersey.client.ClientRuntime.invoke(ClientRuntime.java:254)
	... 42 more
... Removed 27 stack frames]]>
    </failure>
  </testcase> <!-- testSetandGetATSUserDetailsVerification -->
  <testcase name="testSetandGetATSUserDetailsVerification" time="0.058" classname="com.myntra.apiTests.portalservices.atsService.TestATSAPISV2">
    <failure type="javax.ws.rs.ProcessingException" message="Already connected">
      <![CDATA[javax.ws.rs.ProcessingException: Already connected
	at org.glassfish.jersey.client.ClientRuntime.invoke(ClientRuntime.java:263)
	at org.glassfish.jersey.client.JerseyInvocation$1.call(JerseyInvocation.java:671)
	at org.glassfish.jersey.client.JerseyInvocation$1.call(JerseyInvocation.java:668)
	at org.glassfish.jersey.internal.Errors.process(Errors.java:315)
	at org.glassfish.jersey.internal.Errors.process(Errors.java:297)
	at org.glassfish.jersey.internal.Errors.process(Errors.java:228)
	at org.glassfish.jersey.process.internal.RequestScope.runInScope(RequestScope.java:444)
	at org.glassfish.jersey.client.JerseyInvocation.invoke(JerseyInvocation.java:668)
	at org.glassfish.jersey.client.JerseyInvocation$Builder.method(JerseyInvocation.java:428)
	at org.glassfish.jersey.client.JerseyInvocation$Builder.post(JerseyInvocation.java:334)
	at com.myntra.lordoftherings.gandalf.RequestGenerator.CollectResponse(RequestGenerator.java:290)
	at com.myntra.lordoftherings.gandalf.RequestGenerator.PostResponse(RequestGenerator.java:194)
	at com.myntra.lordoftherings.gandalf.RequestGenerator.<init>(RequestGenerator.java:136)
	at com.myntra.apiTests.portalservices.idpservice.IDPServiceHelper.performSignUpOperation(IDPServiceHelper.java:67)
	at com.myntra.apiTests.portalservices.atsService.ATSHelper.performSignup(ATSHelper.java:156)
	at com.myntra.apiTests.portalservices.atsService.TestATSAPISV2.testSetandGetATSUserDetailsVerification(TestATSAPISV2.java:52)
Caused by: java.lang.IllegalStateException: Already connected
	at sun.net.www.protocol.http.HttpURLConnection.setRequestProperty(HttpURLConnection.java:3071)
	at org.glassfish.jersey.client.HttpUrlConnector.setOutboundHeaders(HttpUrlConnector.java:374)
	at org.glassfish.jersey.client.HttpUrlConnector.access$100(HttpUrlConnector.java:91)
	at org.glassfish.jersey.client.HttpUrlConnector$4.getOutputStream(HttpUrlConnector.java:325)
	at org.glassfish.jersey.message.internal.CommittingOutputStream.commitStream(CommittingOutputStream.java:200)
	at org.glassfish.jersey.message.internal.CommittingOutputStream.commitStream(CommittingOutputStream.java:194)
	at org.glassfish.jersey.message.internal.CommittingOutputStream.commit(CommittingOutputStream.java:262)
	at org.glassfish.jersey.message.internal.OutboundMessageContext.commitStream(OutboundMessageContext.java:816)
	at org.glassfish.jersey.client.ClientRequest.writeEntity(ClientRequest.java:545)
	at org.glassfish.jersey.client.HttpUrlConnector._apply(HttpUrlConnector.java:329)
	at org.glassfish.jersey.client.HttpUrlConnector.apply(HttpUrlConnector.java:242)
	at org.glassfish.jersey.client.ClientRuntime.invoke(ClientRuntime.java:254)
	... 42 more
... Removed 27 stack frames]]>
    </failure>
  </testcase> <!-- testSetandGetATSUserDetailsVerification -->
  <testcase name="testSetandGetATSUserDetailsVerification" time="0.043" classname="com.myntra.apiTests.portalservices.atsService.TestATSAPISV2">
    <failure type="javax.ws.rs.ProcessingException" message="Already connected">
      <![CDATA[javax.ws.rs.ProcessingException: Already connected
	at org.glassfish.jersey.client.ClientRuntime.invoke(ClientRuntime.java:263)
	at org.glassfish.jersey.client.JerseyInvocation$1.call(JerseyInvocation.java:671)
	at org.glassfish.jersey.client.JerseyInvocation$1.call(JerseyInvocation.java:668)
	at org.glassfish.jersey.internal.Errors.process(Errors.java:315)
	at org.glassfish.jersey.internal.Errors.process(Errors.java:297)
	at org.glassfish.jersey.internal.Errors.process(Errors.java:228)
	at org.glassfish.jersey.process.internal.RequestScope.runInScope(RequestScope.java:444)
	at org.glassfish.jersey.client.JerseyInvocation.invoke(JerseyInvocation.java:668)
	at org.glassfish.jersey.client.JerseyInvocation$Builder.method(JerseyInvocation.java:428)
	at org.glassfish.jersey.client.JerseyInvocation$Builder.post(JerseyInvocation.java:334)
	at com.myntra.lordoftherings.gandalf.RequestGenerator.CollectResponse(RequestGenerator.java:290)
	at com.myntra.lordoftherings.gandalf.RequestGenerator.PostResponse(RequestGenerator.java:194)
	at com.myntra.lordoftherings.gandalf.RequestGenerator.<init>(RequestGenerator.java:136)
	at com.myntra.apiTests.portalservices.idpservice.IDPServiceHelper.performSignUpOperation(IDPServiceHelper.java:67)
	at com.myntra.apiTests.portalservices.atsService.ATSHelper.performSignup(ATSHelper.java:156)
	at com.myntra.apiTests.portalservices.atsService.TestATSAPISV2.testSetandGetATSUserDetailsVerification(TestATSAPISV2.java:52)
Caused by: java.lang.IllegalStateException: Already connected
	at sun.net.www.protocol.http.HttpURLConnection.setRequestProperty(HttpURLConnection.java:3071)
	at org.glassfish.jersey.client.HttpUrlConnector.setOutboundHeaders(HttpUrlConnector.java:374)
	at org.glassfish.jersey.client.HttpUrlConnector.access$100(HttpUrlConnector.java:91)
	at org.glassfish.jersey.client.HttpUrlConnector$4.getOutputStream(HttpUrlConnector.java:325)
	at org.glassfish.jersey.message.internal.CommittingOutputStream.commitStream(CommittingOutputStream.java:200)
	at org.glassfish.jersey.message.internal.CommittingOutputStream.commitStream(CommittingOutputStream.java:194)
	at org.glassfish.jersey.message.internal.CommittingOutputStream.commit(CommittingOutputStream.java:262)
	at org.glassfish.jersey.message.internal.OutboundMessageContext.commitStream(OutboundMessageContext.java:816)
	at org.glassfish.jersey.client.ClientRequest.writeEntity(ClientRequest.java:545)
	at org.glassfish.jersey.client.HttpUrlConnector._apply(HttpUrlConnector.java:329)
	at org.glassfish.jersey.client.HttpUrlConnector.apply(HttpUrlConnector.java:242)
	at org.glassfish.jersey.client.ClientRuntime.invoke(ClientRuntime.java:254)
	... 42 more
... Removed 27 stack frames]]>
    </failure>
  </testcase> <!-- testSetandGetATSUserDetailsVerification -->
  <testcase name="testSetandGetATSUserDetailsVerification" time="0.045" classname="com.myntra.apiTests.portalservices.atsService.TestATSAPISV2">
    <failure type="javax.ws.rs.ProcessingException" message="Already connected">
      <![CDATA[javax.ws.rs.ProcessingException: Already connected
	at org.glassfish.jersey.client.ClientRuntime.invoke(ClientRuntime.java:263)
	at org.glassfish.jersey.client.JerseyInvocation$1.call(JerseyInvocation.java:671)
	at org.glassfish.jersey.client.JerseyInvocation$1.call(JerseyInvocation.java:668)
	at org.glassfish.jersey.internal.Errors.process(Errors.java:315)
	at org.glassfish.jersey.internal.Errors.process(Errors.java:297)
	at org.glassfish.jersey.internal.Errors.process(Errors.java:228)
	at org.glassfish.jersey.process.internal.RequestScope.runInScope(RequestScope.java:444)
	at org.glassfish.jersey.client.JerseyInvocation.invoke(JerseyInvocation.java:668)
	at org.glassfish.jersey.client.JerseyInvocation$Builder.method(JerseyInvocation.java:428)
	at org.glassfish.jersey.client.JerseyInvocation$Builder.post(JerseyInvocation.java:334)
	at com.myntra.lordoftherings.gandalf.RequestGenerator.CollectResponse(RequestGenerator.java:290)
	at com.myntra.lordoftherings.gandalf.RequestGenerator.PostResponse(RequestGenerator.java:194)
	at com.myntra.lordoftherings.gandalf.RequestGenerator.<init>(RequestGenerator.java:136)
	at com.myntra.apiTests.portalservices.idpservice.IDPServiceHelper.performSignUpOperation(IDPServiceHelper.java:67)
	at com.myntra.apiTests.portalservices.atsService.ATSHelper.performSignup(ATSHelper.java:156)
	at com.myntra.apiTests.portalservices.atsService.TestATSAPISV2.testSetandGetATSUserDetailsVerification(TestATSAPISV2.java:52)
Caused by: java.lang.IllegalStateException: Already connected
	at sun.net.www.protocol.http.HttpURLConnection.setRequestProperty(HttpURLConnection.java:3071)
	at org.glassfish.jersey.client.HttpUrlConnector.setOutboundHeaders(HttpUrlConnector.java:374)
	at org.glassfish.jersey.client.HttpUrlConnector.access$100(HttpUrlConnector.java:91)
	at org.glassfish.jersey.client.HttpUrlConnector$4.getOutputStream(HttpUrlConnector.java:325)
	at org.glassfish.jersey.message.internal.CommittingOutputStream.commitStream(CommittingOutputStream.java:200)
	at org.glassfish.jersey.message.internal.CommittingOutputStream.commitStream(CommittingOutputStream.java:194)
	at org.glassfish.jersey.message.internal.CommittingOutputStream.commit(CommittingOutputStream.java:262)
	at org.glassfish.jersey.message.internal.OutboundMessageContext.commitStream(OutboundMessageContext.java:816)
	at org.glassfish.jersey.client.ClientRequest.writeEntity(ClientRequest.java:545)
	at org.glassfish.jersey.client.HttpUrlConnector._apply(HttpUrlConnector.java:329)
	at org.glassfish.jersey.client.HttpUrlConnector.apply(HttpUrlConnector.java:242)
	at org.glassfish.jersey.client.ClientRuntime.invoke(ClientRuntime.java:254)
	... 42 more
... Removed 27 stack frames]]>
    </failure>
  </testcase> <!-- testSetandGetATSUserDetailsVerification -->
  <testcase name="testSetandGetATSUserDetailsVerification" time="0.041" classname="com.myntra.apiTests.portalservices.atsService.TestATSAPISV2">
    <failure type="javax.ws.rs.ProcessingException" message="Already connected">
      <![CDATA[javax.ws.rs.ProcessingException: Already connected
	at org.glassfish.jersey.client.ClientRuntime.invoke(ClientRuntime.java:263)
	at org.glassfish.jersey.client.JerseyInvocation$1.call(JerseyInvocation.java:671)
	at org.glassfish.jersey.client.JerseyInvocation$1.call(JerseyInvocation.java:668)
	at org.glassfish.jersey.internal.Errors.process(Errors.java:315)
	at org.glassfish.jersey.internal.Errors.process(Errors.java:297)
	at org.glassfish.jersey.internal.Errors.process(Errors.java:228)
	at org.glassfish.jersey.process.internal.RequestScope.runInScope(RequestScope.java:444)
	at org.glassfish.jersey.client.JerseyInvocation.invoke(JerseyInvocation.java:668)
	at org.glassfish.jersey.client.JerseyInvocation$Builder.method(JerseyInvocation.java:428)
	at org.glassfish.jersey.client.JerseyInvocation$Builder.post(JerseyInvocation.java:334)
	at com.myntra.lordoftherings.gandalf.RequestGenerator.CollectResponse(RequestGenerator.java:290)
	at com.myntra.lordoftherings.gandalf.RequestGenerator.PostResponse(RequestGenerator.java:194)
	at com.myntra.lordoftherings.gandalf.RequestGenerator.<init>(RequestGenerator.java:136)
	at com.myntra.apiTests.portalservices.idpservice.IDPServiceHelper.performSignUpOperation(IDPServiceHelper.java:67)
	at com.myntra.apiTests.portalservices.atsService.ATSHelper.performSignup(ATSHelper.java:156)
	at com.myntra.apiTests.portalservices.atsService.TestATSAPISV2.testSetandGetATSUserDetailsVerification(TestATSAPISV2.java:52)
Caused by: java.lang.IllegalStateException: Already connected
	at sun.net.www.protocol.http.HttpURLConnection.setRequestProperty(HttpURLConnection.java:3071)
	at org.glassfish.jersey.client.HttpUrlConnector.setOutboundHeaders(HttpUrlConnector.java:374)
	at org.glassfish.jersey.client.HttpUrlConnector.access$100(HttpUrlConnector.java:91)
	at org.glassfish.jersey.client.HttpUrlConnector$4.getOutputStream(HttpUrlConnector.java:325)
	at org.glassfish.jersey.message.internal.CommittingOutputStream.commitStream(CommittingOutputStream.java:200)
	at org.glassfish.jersey.message.internal.CommittingOutputStream.commitStream(CommittingOutputStream.java:194)
	at org.glassfish.jersey.message.internal.CommittingOutputStream.commit(CommittingOutputStream.java:262)
	at org.glassfish.jersey.message.internal.OutboundMessageContext.commitStream(OutboundMessageContext.java:816)
	at org.glassfish.jersey.client.ClientRequest.writeEntity(ClientRequest.java:545)
	at org.glassfish.jersey.client.HttpUrlConnector._apply(HttpUrlConnector.java:329)
	at org.glassfish.jersey.client.HttpUrlConnector.apply(HttpUrlConnector.java:242)
	at org.glassfish.jersey.client.ClientRuntime.invoke(ClientRuntime.java:254)
	... 42 more
... Removed 27 stack frames]]>
    </failure>
  </testcase> <!-- testSetandGetATSUserDetailsVerification -->
  <testcase name="testSetandGetATSUserDetailsVerification" time="0.033" classname="com.myntra.apiTests.portalservices.atsService.TestATSAPISV2">
    <failure type="javax.ws.rs.ProcessingException" message="Already connected">
      <![CDATA[javax.ws.rs.ProcessingException: Already connected
	at org.glassfish.jersey.client.ClientRuntime.invoke(ClientRuntime.java:263)
	at org.glassfish.jersey.client.JerseyInvocation$1.call(JerseyInvocation.java:671)
	at org.glassfish.jersey.client.JerseyInvocation$1.call(JerseyInvocation.java:668)
	at org.glassfish.jersey.internal.Errors.process(Errors.java:315)
	at org.glassfish.jersey.internal.Errors.process(Errors.java:297)
	at org.glassfish.jersey.internal.Errors.process(Errors.java:228)
	at org.glassfish.jersey.process.internal.RequestScope.runInScope(RequestScope.java:444)
	at org.glassfish.jersey.client.JerseyInvocation.invoke(JerseyInvocation.java:668)
	at org.glassfish.jersey.client.JerseyInvocation$Builder.method(JerseyInvocation.java:428)
	at org.glassfish.jersey.client.JerseyInvocation$Builder.post(JerseyInvocation.java:334)
	at com.myntra.lordoftherings.gandalf.RequestGenerator.CollectResponse(RequestGenerator.java:290)
	at com.myntra.lordoftherings.gandalf.RequestGenerator.PostResponse(RequestGenerator.java:194)
	at com.myntra.lordoftherings.gandalf.RequestGenerator.<init>(RequestGenerator.java:136)
	at com.myntra.apiTests.portalservices.idpservice.IDPServiceHelper.performSignUpOperation(IDPServiceHelper.java:67)
	at com.myntra.apiTests.portalservices.atsService.ATSHelper.performSignup(ATSHelper.java:156)
	at com.myntra.apiTests.portalservices.atsService.TestATSAPISV2.testSetandGetATSUserDetailsVerification(TestATSAPISV2.java:52)
Caused by: java.lang.IllegalStateException: Already connected
	at sun.net.www.protocol.http.HttpURLConnection.setRequestProperty(HttpURLConnection.java:3071)
	at org.glassfish.jersey.client.HttpUrlConnector.setOutboundHeaders(HttpUrlConnector.java:374)
	at org.glassfish.jersey.client.HttpUrlConnector.access$100(HttpUrlConnector.java:91)
	at org.glassfish.jersey.client.HttpUrlConnector$4.getOutputStream(HttpUrlConnector.java:325)
	at org.glassfish.jersey.message.internal.CommittingOutputStream.commitStream(CommittingOutputStream.java:200)
	at org.glassfish.jersey.message.internal.CommittingOutputStream.commitStream(CommittingOutputStream.java:194)
	at org.glassfish.jersey.message.internal.CommittingOutputStream.commit(CommittingOutputStream.java:262)
	at org.glassfish.jersey.message.internal.OutboundMessageContext.commitStream(OutboundMessageContext.java:816)
	at org.glassfish.jersey.client.ClientRequest.writeEntity(ClientRequest.java:545)
	at org.glassfish.jersey.client.HttpUrlConnector._apply(HttpUrlConnector.java:329)
	at org.glassfish.jersey.client.HttpUrlConnector.apply(HttpUrlConnector.java:242)
	at org.glassfish.jersey.client.ClientRuntime.invoke(ClientRuntime.java:254)
	... 42 more
... Removed 27 stack frames]]>
    </failure>
  </testcase> <!-- testSetandGetATSUserDetailsVerification -->
  <testcase name="testSetandGetATSUserDetailsVerification" time="0.034" classname="com.myntra.apiTests.portalservices.atsService.TestATSAPISV2">
    <failure type="javax.ws.rs.ProcessingException" message="Already connected">
      <![CDATA[javax.ws.rs.ProcessingException: Already connected
	at org.glassfish.jersey.client.ClientRuntime.invoke(ClientRuntime.java:263)
	at org.glassfish.jersey.client.JerseyInvocation$1.call(JerseyInvocation.java:671)
	at org.glassfish.jersey.client.JerseyInvocation$1.call(JerseyInvocation.java:668)
	at org.glassfish.jersey.internal.Errors.process(Errors.java:315)
	at org.glassfish.jersey.internal.Errors.process(Errors.java:297)
	at org.glassfish.jersey.internal.Errors.process(Errors.java:228)
	at org.glassfish.jersey.process.internal.RequestScope.runInScope(RequestScope.java:444)
	at org.glassfish.jersey.client.JerseyInvocation.invoke(JerseyInvocation.java:668)
	at org.glassfish.jersey.client.JerseyInvocation$Builder.method(JerseyInvocation.java:428)
	at org.glassfish.jersey.client.JerseyInvocation$Builder.post(JerseyInvocation.java:334)
	at com.myntra.lordoftherings.gandalf.RequestGenerator.CollectResponse(RequestGenerator.java:290)
	at com.myntra.lordoftherings.gandalf.RequestGenerator.PostResponse(RequestGenerator.java:194)
	at com.myntra.lordoftherings.gandalf.RequestGenerator.<init>(RequestGenerator.java:136)
	at com.myntra.apiTests.portalservices.idpservice.IDPServiceHelper.performSignUpOperation(IDPServiceHelper.java:67)
	at com.myntra.apiTests.portalservices.atsService.ATSHelper.performSignup(ATSHelper.java:156)
	at com.myntra.apiTests.portalservices.atsService.TestATSAPISV2.testSetandGetATSUserDetailsVerification(TestATSAPISV2.java:52)
Caused by: java.lang.IllegalStateException: Already connected
	at sun.net.www.protocol.http.HttpURLConnection.setRequestProperty(HttpURLConnection.java:3071)
	at org.glassfish.jersey.client.HttpUrlConnector.setOutboundHeaders(HttpUrlConnector.java:374)
	at org.glassfish.jersey.client.HttpUrlConnector.access$100(HttpUrlConnector.java:91)
	at org.glassfish.jersey.client.HttpUrlConnector$4.getOutputStream(HttpUrlConnector.java:325)
	at org.glassfish.jersey.message.internal.CommittingOutputStream.commitStream(CommittingOutputStream.java:200)
	at org.glassfish.jersey.message.internal.CommittingOutputStream.commitStream(CommittingOutputStream.java:194)
	at org.glassfish.jersey.message.internal.CommittingOutputStream.commit(CommittingOutputStream.java:262)
	at org.glassfish.jersey.message.internal.OutboundMessageContext.commitStream(OutboundMessageContext.java:816)
	at org.glassfish.jersey.client.ClientRequest.writeEntity(ClientRequest.java:545)
	at org.glassfish.jersey.client.HttpUrlConnector._apply(HttpUrlConnector.java:329)
	at org.glassfish.jersey.client.HttpUrlConnector.apply(HttpUrlConnector.java:242)
	at org.glassfish.jersey.client.ClientRuntime.invoke(ClientRuntime.java:254)
	... 42 more
... Removed 27 stack frames]]>
    </failure>
  </testcase> <!-- testSetandGetATSUserDetailsVerification -->
  <testcase name="testSetandGetATSUserDetailsVerification" time="0.031" classname="com.myntra.apiTests.portalservices.atsService.TestATSAPISV2">
    <failure type="javax.ws.rs.ProcessingException" message="Already connected">
      <![CDATA[javax.ws.rs.ProcessingException: Already connected
	at org.glassfish.jersey.client.ClientRuntime.invoke(ClientRuntime.java:263)
	at org.glassfish.jersey.client.JerseyInvocation$1.call(JerseyInvocation.java:671)
	at org.glassfish.jersey.client.JerseyInvocation$1.call(JerseyInvocation.java:668)
	at org.glassfish.jersey.internal.Errors.process(Errors.java:315)
	at org.glassfish.jersey.internal.Errors.process(Errors.java:297)
	at org.glassfish.jersey.internal.Errors.process(Errors.java:228)
	at org.glassfish.jersey.process.internal.RequestScope.runInScope(RequestScope.java:444)
	at org.glassfish.jersey.client.JerseyInvocation.invoke(JerseyInvocation.java:668)
	at org.glassfish.jersey.client.JerseyInvocation$Builder.method(JerseyInvocation.java:428)
	at org.glassfish.jersey.client.JerseyInvocation$Builder.post(JerseyInvocation.java:334)
	at com.myntra.lordoftherings.gandalf.RequestGenerator.CollectResponse(RequestGenerator.java:290)
	at com.myntra.lordoftherings.gandalf.RequestGenerator.PostResponse(RequestGenerator.java:194)
	at com.myntra.lordoftherings.gandalf.RequestGenerator.<init>(RequestGenerator.java:136)
	at com.myntra.apiTests.portalservices.idpservice.IDPServiceHelper.performSignUpOperation(IDPServiceHelper.java:67)
	at com.myntra.apiTests.portalservices.atsService.ATSHelper.performSignup(ATSHelper.java:156)
	at com.myntra.apiTests.portalservices.atsService.TestATSAPISV2.testSetandGetATSUserDetailsVerification(TestATSAPISV2.java:52)
Caused by: java.lang.IllegalStateException: Already connected
	at sun.net.www.protocol.http.HttpURLConnection.setRequestProperty(HttpURLConnection.java:3071)
	at org.glassfish.jersey.client.HttpUrlConnector.setOutboundHeaders(HttpUrlConnector.java:374)
	at org.glassfish.jersey.client.HttpUrlConnector.access$100(HttpUrlConnector.java:91)
	at org.glassfish.jersey.client.HttpUrlConnector$4.getOutputStream(HttpUrlConnector.java:325)
	at org.glassfish.jersey.message.internal.CommittingOutputStream.commitStream(CommittingOutputStream.java:200)
	at org.glassfish.jersey.message.internal.CommittingOutputStream.commitStream(CommittingOutputStream.java:194)
	at org.glassfish.jersey.message.internal.CommittingOutputStream.commit(CommittingOutputStream.java:262)
	at org.glassfish.jersey.message.internal.OutboundMessageContext.commitStream(OutboundMessageContext.java:816)
	at org.glassfish.jersey.client.ClientRequest.writeEntity(ClientRequest.java:545)
	at org.glassfish.jersey.client.HttpUrlConnector._apply(HttpUrlConnector.java:329)
	at org.glassfish.jersey.client.HttpUrlConnector.apply(HttpUrlConnector.java:242)
	at org.glassfish.jersey.client.ClientRuntime.invoke(ClientRuntime.java:254)
	... 42 more
... Removed 27 stack frames]]>
    </failure>
  </testcase> <!-- testSetandGetATSUserDetailsVerification -->
  <testcase name="testSetandGetATSUserDetailsVerification" time="0.038" classname="com.myntra.apiTests.portalservices.atsService.TestATSAPISV2">
    <failure type="javax.ws.rs.ProcessingException" message="Already connected">
      <![CDATA[javax.ws.rs.ProcessingException: Already connected
	at org.glassfish.jersey.client.ClientRuntime.invoke(ClientRuntime.java:263)
	at org.glassfish.jersey.client.JerseyInvocation$1.call(JerseyInvocation.java:671)
	at org.glassfish.jersey.client.JerseyInvocation$1.call(JerseyInvocation.java:668)
	at org.glassfish.jersey.internal.Errors.process(Errors.java:315)
	at org.glassfish.jersey.internal.Errors.process(Errors.java:297)
	at org.glassfish.jersey.internal.Errors.process(Errors.java:228)
	at org.glassfish.jersey.process.internal.RequestScope.runInScope(RequestScope.java:444)
	at org.glassfish.jersey.client.JerseyInvocation.invoke(JerseyInvocation.java:668)
	at org.glassfish.jersey.client.JerseyInvocation$Builder.method(JerseyInvocation.java:428)
	at org.glassfish.jersey.client.JerseyInvocation$Builder.post(JerseyInvocation.java:334)
	at com.myntra.lordoftherings.gandalf.RequestGenerator.CollectResponse(RequestGenerator.java:290)
	at com.myntra.lordoftherings.gandalf.RequestGenerator.PostResponse(RequestGenerator.java:194)
	at com.myntra.lordoftherings.gandalf.RequestGenerator.<init>(RequestGenerator.java:136)
	at com.myntra.apiTests.portalservices.idpservice.IDPServiceHelper.performSignUpOperation(IDPServiceHelper.java:67)
	at com.myntra.apiTests.portalservices.atsService.ATSHelper.performSignup(ATSHelper.java:156)
	at com.myntra.apiTests.portalservices.atsService.TestATSAPISV2.testSetandGetATSUserDetailsVerification(TestATSAPISV2.java:52)
Caused by: java.lang.IllegalStateException: Already connected
	at sun.net.www.protocol.http.HttpURLConnection.setRequestProperty(HttpURLConnection.java:3071)
	at org.glassfish.jersey.client.HttpUrlConnector.setOutboundHeaders(HttpUrlConnector.java:374)
	at org.glassfish.jersey.client.HttpUrlConnector.access$100(HttpUrlConnector.java:91)
	at org.glassfish.jersey.client.HttpUrlConnector$4.getOutputStream(HttpUrlConnector.java:325)
	at org.glassfish.jersey.message.internal.CommittingOutputStream.commitStream(CommittingOutputStream.java:200)
	at org.glassfish.jersey.message.internal.CommittingOutputStream.commitStream(CommittingOutputStream.java:194)
	at org.glassfish.jersey.message.internal.CommittingOutputStream.commit(CommittingOutputStream.java:262)
	at org.glassfish.jersey.message.internal.OutboundMessageContext.commitStream(OutboundMessageContext.java:816)
	at org.glassfish.jersey.client.ClientRequest.writeEntity(ClientRequest.java:545)
	at org.glassfish.jersey.client.HttpUrlConnector._apply(HttpUrlConnector.java:329)
	at org.glassfish.jersey.client.HttpUrlConnector.apply(HttpUrlConnector.java:242)
	at org.glassfish.jersey.client.ClientRuntime.invoke(ClientRuntime.java:254)
	... 42 more
... Removed 27 stack frames]]>
    </failure>
  </testcase> <!-- testSetandGetATSUserDetailsVerification -->
  <testcase name="testSetandGetATSUserDetailsVerification" time="0.033" classname="com.myntra.apiTests.portalservices.atsService.TestATSAPISV2">
    <failure type="javax.ws.rs.ProcessingException" message="Already connected">
      <![CDATA[javax.ws.rs.ProcessingException: Already connected
	at org.glassfish.jersey.client.ClientRuntime.invoke(ClientRuntime.java:263)
	at org.glassfish.jersey.client.JerseyInvocation$1.call(JerseyInvocation.java:671)
	at org.glassfish.jersey.client.JerseyInvocation$1.call(JerseyInvocation.java:668)
	at org.glassfish.jersey.internal.Errors.process(Errors.java:315)
	at org.glassfish.jersey.internal.Errors.process(Errors.java:297)
	at org.glassfish.jersey.internal.Errors.process(Errors.java:228)
	at org.glassfish.jersey.process.internal.RequestScope.runInScope(RequestScope.java:444)
	at org.glassfish.jersey.client.JerseyInvocation.invoke(JerseyInvocation.java:668)
	at org.glassfish.jersey.client.JerseyInvocation$Builder.method(JerseyInvocation.java:428)
	at org.glassfish.jersey.client.JerseyInvocation$Builder.post(JerseyInvocation.java:334)
	at com.myntra.lordoftherings.gandalf.RequestGenerator.CollectResponse(RequestGenerator.java:290)
	at com.myntra.lordoftherings.gandalf.RequestGenerator.PostResponse(RequestGenerator.java:194)
	at com.myntra.lordoftherings.gandalf.RequestGenerator.<init>(RequestGenerator.java:136)
	at com.myntra.apiTests.portalservices.idpservice.IDPServiceHelper.performSignUpOperation(IDPServiceHelper.java:67)
	at com.myntra.apiTests.portalservices.atsService.ATSHelper.performSignup(ATSHelper.java:156)
	at com.myntra.apiTests.portalservices.atsService.TestATSAPISV2.testSetandGetATSUserDetailsVerification(TestATSAPISV2.java:52)
Caused by: java.lang.IllegalStateException: Already connected
	at sun.net.www.protocol.http.HttpURLConnection.setRequestProperty(HttpURLConnection.java:3071)
	at org.glassfish.jersey.client.HttpUrlConnector.setOutboundHeaders(HttpUrlConnector.java:374)
	at org.glassfish.jersey.client.HttpUrlConnector.access$100(HttpUrlConnector.java:91)
	at org.glassfish.jersey.client.HttpUrlConnector$4.getOutputStream(HttpUrlConnector.java:325)
	at org.glassfish.jersey.message.internal.CommittingOutputStream.commitStream(CommittingOutputStream.java:200)
	at org.glassfish.jersey.message.internal.CommittingOutputStream.commitStream(CommittingOutputStream.java:194)
	at org.glassfish.jersey.message.internal.CommittingOutputStream.commit(CommittingOutputStream.java:262)
	at org.glassfish.jersey.message.internal.OutboundMessageContext.commitStream(OutboundMessageContext.java:816)
	at org.glassfish.jersey.client.ClientRequest.writeEntity(ClientRequest.java:545)
	at org.glassfish.jersey.client.HttpUrlConnector._apply(HttpUrlConnector.java:329)
	at org.glassfish.jersey.client.HttpUrlConnector.apply(HttpUrlConnector.java:242)
	at org.glassfish.jersey.client.ClientRuntime.invoke(ClientRuntime.java:254)
	... 42 more
... Removed 27 stack frames]]>
    </failure>
  </testcase> <!-- testSetandGetATSUserDetailsVerification -->
  <testcase name="testSetandGetATSUserDetailsVerification" time="0.031" classname="com.myntra.apiTests.portalservices.atsService.TestATSAPISV2">
    <failure type="javax.ws.rs.ProcessingException" message="Already connected">
      <![CDATA[javax.ws.rs.ProcessingException: Already connected
	at org.glassfish.jersey.client.ClientRuntime.invoke(ClientRuntime.java:263)
	at org.glassfish.jersey.client.JerseyInvocation$1.call(JerseyInvocation.java:671)
	at org.glassfish.jersey.client.JerseyInvocation$1.call(JerseyInvocation.java:668)
	at org.glassfish.jersey.internal.Errors.process(Errors.java:315)
	at org.glassfish.jersey.internal.Errors.process(Errors.java:297)
	at org.glassfish.jersey.internal.Errors.process(Errors.java:228)
	at org.glassfish.jersey.process.internal.RequestScope.runInScope(RequestScope.java:444)
	at org.glassfish.jersey.client.JerseyInvocation.invoke(JerseyInvocation.java:668)
	at org.glassfish.jersey.client.JerseyInvocation$Builder.method(JerseyInvocation.java:428)
	at org.glassfish.jersey.client.JerseyInvocation$Builder.post(JerseyInvocation.java:334)
	at com.myntra.lordoftherings.gandalf.RequestGenerator.CollectResponse(RequestGenerator.java:290)
	at com.myntra.lordoftherings.gandalf.RequestGenerator.PostResponse(RequestGenerator.java:194)
	at com.myntra.lordoftherings.gandalf.RequestGenerator.<init>(RequestGenerator.java:136)
	at com.myntra.apiTests.portalservices.idpservice.IDPServiceHelper.performSignUpOperation(IDPServiceHelper.java:67)
	at com.myntra.apiTests.portalservices.atsService.ATSHelper.performSignup(ATSHelper.java:156)
	at com.myntra.apiTests.portalservices.atsService.TestATSAPISV2.testSetandGetATSUserDetailsVerification(TestATSAPISV2.java:52)
Caused by: java.lang.IllegalStateException: Already connected
	at sun.net.www.protocol.http.HttpURLConnection.setRequestProperty(HttpURLConnection.java:3071)
	at org.glassfish.jersey.client.HttpUrlConnector.setOutboundHeaders(HttpUrlConnector.java:374)
	at org.glassfish.jersey.client.HttpUrlConnector.access$100(HttpUrlConnector.java:91)
	at org.glassfish.jersey.client.HttpUrlConnector$4.getOutputStream(HttpUrlConnector.java:325)
	at org.glassfish.jersey.message.internal.CommittingOutputStream.commitStream(CommittingOutputStream.java:200)
	at org.glassfish.jersey.message.internal.CommittingOutputStream.commitStream(CommittingOutputStream.java:194)
	at org.glassfish.jersey.message.internal.CommittingOutputStream.commit(CommittingOutputStream.java:262)
	at org.glassfish.jersey.message.internal.OutboundMessageContext.commitStream(OutboundMessageContext.java:816)
	at org.glassfish.jersey.client.ClientRequest.writeEntity(ClientRequest.java:545)
	at org.glassfish.jersey.client.HttpUrlConnector._apply(HttpUrlConnector.java:329)
	at org.glassfish.jersey.client.HttpUrlConnector.apply(HttpUrlConnector.java:242)
	at org.glassfish.jersey.client.ClientRuntime.invoke(ClientRuntime.java:254)
	... 42 more
... Removed 27 stack frames]]>
    </failure>
  </testcase> <!-- testSetandGetATSUserDetailsVerification -->
  <testcase name="testSetandGetATSUserDetailsVerification" time="0.034" classname="com.myntra.apiTests.portalservices.atsService.TestATSAPISV2">
    <failure type="javax.ws.rs.ProcessingException" message="Already connected">
      <![CDATA[javax.ws.rs.ProcessingException: Already connected
	at org.glassfish.jersey.client.ClientRuntime.invoke(ClientRuntime.java:263)
	at org.glassfish.jersey.client.JerseyInvocation$1.call(JerseyInvocation.java:671)
	at org.glassfish.jersey.client.JerseyInvocation$1.call(JerseyInvocation.java:668)
	at org.glassfish.jersey.internal.Errors.process(Errors.java:315)
	at org.glassfish.jersey.internal.Errors.process(Errors.java:297)
	at org.glassfish.jersey.internal.Errors.process(Errors.java:228)
	at org.glassfish.jersey.process.internal.RequestScope.runInScope(RequestScope.java:444)
	at org.glassfish.jersey.client.JerseyInvocation.invoke(JerseyInvocation.java:668)
	at org.glassfish.jersey.client.JerseyInvocation$Builder.method(JerseyInvocation.java:428)
	at org.glassfish.jersey.client.JerseyInvocation$Builder.post(JerseyInvocation.java:334)
	at com.myntra.lordoftherings.gandalf.RequestGenerator.CollectResponse(RequestGenerator.java:290)
	at com.myntra.lordoftherings.gandalf.RequestGenerator.PostResponse(RequestGenerator.java:194)
	at com.myntra.lordoftherings.gandalf.RequestGenerator.<init>(RequestGenerator.java:136)
	at com.myntra.apiTests.portalservices.idpservice.IDPServiceHelper.performSignUpOperation(IDPServiceHelper.java:67)
	at com.myntra.apiTests.portalservices.atsService.ATSHelper.performSignup(ATSHelper.java:156)
	at com.myntra.apiTests.portalservices.atsService.TestATSAPISV2.testSetandGetATSUserDetailsVerification(TestATSAPISV2.java:52)
Caused by: java.lang.IllegalStateException: Already connected
	at sun.net.www.protocol.http.HttpURLConnection.setRequestProperty(HttpURLConnection.java:3071)
	at org.glassfish.jersey.client.HttpUrlConnector.setOutboundHeaders(HttpUrlConnector.java:374)
	at org.glassfish.jersey.client.HttpUrlConnector.access$100(HttpUrlConnector.java:91)
	at org.glassfish.jersey.client.HttpUrlConnector$4.getOutputStream(HttpUrlConnector.java:325)
	at org.glassfish.jersey.message.internal.CommittingOutputStream.commitStream(CommittingOutputStream.java:200)
	at org.glassfish.jersey.message.internal.CommittingOutputStream.commitStream(CommittingOutputStream.java:194)
	at org.glassfish.jersey.message.internal.CommittingOutputStream.commit(CommittingOutputStream.java:262)
	at org.glassfish.jersey.message.internal.OutboundMessageContext.commitStream(OutboundMessageContext.java:816)
	at org.glassfish.jersey.client.ClientRequest.writeEntity(ClientRequest.java:545)
	at org.glassfish.jersey.client.HttpUrlConnector._apply(HttpUrlConnector.java:329)
	at org.glassfish.jersey.client.HttpUrlConnector.apply(HttpUrlConnector.java:242)
	at org.glassfish.jersey.client.ClientRuntime.invoke(ClientRuntime.java:254)
	... 42 more
... Removed 27 stack frames]]>
    </failure>
  </testcase> <!-- testSetandGetATSUserDetailsVerification -->
  <testcase name="testSetandGetATSUserDetailsVerification" time="0.027" classname="com.myntra.apiTests.portalservices.atsService.TestATSAPISV2">
    <failure type="javax.ws.rs.ProcessingException" message="Already connected">
      <![CDATA[javax.ws.rs.ProcessingException: Already connected
	at org.glassfish.jersey.client.ClientRuntime.invoke(ClientRuntime.java:263)
	at org.glassfish.jersey.client.JerseyInvocation$1.call(JerseyInvocation.java:671)
	at org.glassfish.jersey.client.JerseyInvocation$1.call(JerseyInvocation.java:668)
	at org.glassfish.jersey.internal.Errors.process(Errors.java:315)
	at org.glassfish.jersey.internal.Errors.process(Errors.java:297)
	at org.glassfish.jersey.internal.Errors.process(Errors.java:228)
	at org.glassfish.jersey.process.internal.RequestScope.runInScope(RequestScope.java:444)
	at org.glassfish.jersey.client.JerseyInvocation.invoke(JerseyInvocation.java:668)
	at org.glassfish.jersey.client.JerseyInvocation$Builder.method(JerseyInvocation.java:428)
	at org.glassfish.jersey.client.JerseyInvocation$Builder.post(JerseyInvocation.java:334)
	at com.myntra.lordoftherings.gandalf.RequestGenerator.CollectResponse(RequestGenerator.java:290)
	at com.myntra.lordoftherings.gandalf.RequestGenerator.PostResponse(RequestGenerator.java:194)
	at com.myntra.lordoftherings.gandalf.RequestGenerator.<init>(RequestGenerator.java:136)
	at com.myntra.apiTests.portalservices.idpservice.IDPServiceHelper.performSignUpOperation(IDPServiceHelper.java:67)
	at com.myntra.apiTests.portalservices.atsService.ATSHelper.performSignup(ATSHelper.java:156)
	at com.myntra.apiTests.portalservices.atsService.TestATSAPISV2.testSetandGetATSUserDetailsVerification(TestATSAPISV2.java:52)
Caused by: java.lang.IllegalStateException: Already connected
	at sun.net.www.protocol.http.HttpURLConnection.setRequestProperty(HttpURLConnection.java:3071)
	at org.glassfish.jersey.client.HttpUrlConnector.setOutboundHeaders(HttpUrlConnector.java:374)
	at org.glassfish.jersey.client.HttpUrlConnector.access$100(HttpUrlConnector.java:91)
	at org.glassfish.jersey.client.HttpUrlConnector$4.getOutputStream(HttpUrlConnector.java:325)
	at org.glassfish.jersey.message.internal.CommittingOutputStream.commitStream(CommittingOutputStream.java:200)
	at org.glassfish.jersey.message.internal.CommittingOutputStream.commitStream(CommittingOutputStream.java:194)
	at org.glassfish.jersey.message.internal.CommittingOutputStream.commit(CommittingOutputStream.java:262)
	at org.glassfish.jersey.message.internal.OutboundMessageContext.commitStream(OutboundMessageContext.java:816)
	at org.glassfish.jersey.client.ClientRequest.writeEntity(ClientRequest.java:545)
	at org.glassfish.jersey.client.HttpUrlConnector._apply(HttpUrlConnector.java:329)
	at org.glassfish.jersey.client.HttpUrlConnector.apply(HttpUrlConnector.java:242)
	at org.glassfish.jersey.client.ClientRuntime.invoke(ClientRuntime.java:254)
	... 41 more
... Removed 26 stack frames]]>
    </failure>
  </testcase> <!-- testSetandGetATSUserDetailsVerification -->
  <testcase name="testSetandGetATSUserDetailsVerification" time="0.032" classname="com.myntra.apiTests.portalservices.atsService.TestATSAPISV2">
    <failure type="javax.ws.rs.ProcessingException" message="Already connected">
      <![CDATA[javax.ws.rs.ProcessingException: Already connected
	at org.glassfish.jersey.client.ClientRuntime.invoke(ClientRuntime.java:263)
	at org.glassfish.jersey.client.JerseyInvocation$1.call(JerseyInvocation.java:671)
	at org.glassfish.jersey.client.JerseyInvocation$1.call(JerseyInvocation.java:668)
	at org.glassfish.jersey.internal.Errors.process(Errors.java:315)
	at org.glassfish.jersey.internal.Errors.process(Errors.java:297)
	at org.glassfish.jersey.internal.Errors.process(Errors.java:228)
	at org.glassfish.jersey.process.internal.RequestScope.runInScope(RequestScope.java:444)
	at org.glassfish.jersey.client.JerseyInvocation.invoke(JerseyInvocation.java:668)
	at org.glassfish.jersey.client.JerseyInvocation$Builder.method(JerseyInvocation.java:428)
	at org.glassfish.jersey.client.JerseyInvocation$Builder.post(JerseyInvocation.java:334)
	at com.myntra.lordoftherings.gandalf.RequestGenerator.CollectResponse(RequestGenerator.java:290)
	at com.myntra.lordoftherings.gandalf.RequestGenerator.PostResponse(RequestGenerator.java:194)
	at com.myntra.lordoftherings.gandalf.RequestGenerator.<init>(RequestGenerator.java:136)
	at com.myntra.apiTests.portalservices.idpservice.IDPServiceHelper.performSignUpOperation(IDPServiceHelper.java:67)
	at com.myntra.apiTests.portalservices.atsService.ATSHelper.performSignup(ATSHelper.java:156)
	at com.myntra.apiTests.portalservices.atsService.TestATSAPISV2.testSetandGetATSUserDetailsVerification(TestATSAPISV2.java:52)
Caused by: java.lang.IllegalStateException: Already connected
	at sun.net.www.protocol.http.HttpURLConnection.setRequestProperty(HttpURLConnection.java:3071)
	at org.glassfish.jersey.client.HttpUrlConnector.setOutboundHeaders(HttpUrlConnector.java:374)
	at org.glassfish.jersey.client.HttpUrlConnector.access$100(HttpUrlConnector.java:91)
	at org.glassfish.jersey.client.HttpUrlConnector$4.getOutputStream(HttpUrlConnector.java:325)
	at org.glassfish.jersey.message.internal.CommittingOutputStream.commitStream(CommittingOutputStream.java:200)
	at org.glassfish.jersey.message.internal.CommittingOutputStream.commitStream(CommittingOutputStream.java:194)
	at org.glassfish.jersey.message.internal.CommittingOutputStream.commit(CommittingOutputStream.java:262)
	at org.glassfish.jersey.message.internal.OutboundMessageContext.commitStream(OutboundMessageContext.java:816)
	at org.glassfish.jersey.client.ClientRequest.writeEntity(ClientRequest.java:545)
	at org.glassfish.jersey.client.HttpUrlConnector._apply(HttpUrlConnector.java:329)
	at org.glassfish.jersey.client.HttpUrlConnector.apply(HttpUrlConnector.java:242)
	at org.glassfish.jersey.client.ClientRuntime.invoke(ClientRuntime.java:254)
	... 41 more
... Removed 26 stack frames]]>
    </failure>
  </testcase> <!-- testSetandGetATSUserDetailsVerification -->
  <testcase name="testSetandGetATSUserDetailsVerification" time="0.031" classname="com.myntra.apiTests.portalservices.atsService.TestATSAPISV2">
    <failure type="javax.ws.rs.ProcessingException" message="Already connected">
      <![CDATA[javax.ws.rs.ProcessingException: Already connected
	at org.glassfish.jersey.client.ClientRuntime.invoke(ClientRuntime.java:263)
	at org.glassfish.jersey.client.JerseyInvocation$1.call(JerseyInvocation.java:671)
	at org.glassfish.jersey.client.JerseyInvocation$1.call(JerseyInvocation.java:668)
	at org.glassfish.jersey.internal.Errors.process(Errors.java:315)
	at org.glassfish.jersey.internal.Errors.process(Errors.java:297)
	at org.glassfish.jersey.internal.Errors.process(Errors.java:228)
	at org.glassfish.jersey.process.internal.RequestScope.runInScope(RequestScope.java:444)
	at org.glassfish.jersey.client.JerseyInvocation.invoke(JerseyInvocation.java:668)
	at org.glassfish.jersey.client.JerseyInvocation$Builder.method(JerseyInvocation.java:428)
	at org.glassfish.jersey.client.JerseyInvocation$Builder.post(JerseyInvocation.java:334)
	at com.myntra.lordoftherings.gandalf.RequestGenerator.CollectResponse(RequestGenerator.java:290)
	at com.myntra.lordoftherings.gandalf.RequestGenerator.PostResponse(RequestGenerator.java:194)
	at com.myntra.lordoftherings.gandalf.RequestGenerator.<init>(RequestGenerator.java:136)
	at com.myntra.apiTests.portalservices.idpservice.IDPServiceHelper.performSignUpOperation(IDPServiceHelper.java:67)
	at com.myntra.apiTests.portalservices.atsService.ATSHelper.performSignup(ATSHelper.java:156)
	at com.myntra.apiTests.portalservices.atsService.TestATSAPISV2.testSetandGetATSUserDetailsVerification(TestATSAPISV2.java:52)
Caused by: java.lang.IllegalStateException: Already connected
	at sun.net.www.protocol.http.HttpURLConnection.setRequestProperty(HttpURLConnection.java:3071)
	at org.glassfish.jersey.client.HttpUrlConnector.setOutboundHeaders(HttpUrlConnector.java:374)
	at org.glassfish.jersey.client.HttpUrlConnector.access$100(HttpUrlConnector.java:91)
	at org.glassfish.jersey.client.HttpUrlConnector$4.getOutputStream(HttpUrlConnector.java:325)
	at org.glassfish.jersey.message.internal.CommittingOutputStream.commitStream(CommittingOutputStream.java:200)
	at org.glassfish.jersey.message.internal.CommittingOutputStream.commitStream(CommittingOutputStream.java:194)
	at org.glassfish.jersey.message.internal.CommittingOutputStream.commit(CommittingOutputStream.java:262)
	at org.glassfish.jersey.message.internal.OutboundMessageContext.commitStream(OutboundMessageContext.java:816)
	at org.glassfish.jersey.client.ClientRequest.writeEntity(ClientRequest.java:545)
	at org.glassfish.jersey.client.HttpUrlConnector._apply(HttpUrlConnector.java:329)
	at org.glassfish.jersey.client.HttpUrlConnector.apply(HttpUrlConnector.java:242)
	at org.glassfish.jersey.client.ClientRuntime.invoke(ClientRuntime.java:254)
	... 41 more
... Removed 26 stack frames]]>
    </failure>
  </testcase> <!-- testSetandGetATSUserDetailsVerification -->
  <testcase name="testSetandGetATSUserDetailsVerification" time="0.108" classname="com.myntra.apiTests.portalservices.atsService.TestATSAPISV2">
    <failure type="javax.ws.rs.ProcessingException" message="Already connected">
      <![CDATA[javax.ws.rs.ProcessingException: Already connected
	at org.glassfish.jersey.client.ClientRuntime.invoke(ClientRuntime.java:263)
	at org.glassfish.jersey.client.JerseyInvocation$1.call(JerseyInvocation.java:671)
	at org.glassfish.jersey.client.JerseyInvocation$1.call(JerseyInvocation.java:668)
	at org.glassfish.jersey.internal.Errors.process(Errors.java:315)
	at org.glassfish.jersey.internal.Errors.process(Errors.java:297)
	at org.glassfish.jersey.internal.Errors.process(Errors.java:228)
	at org.glassfish.jersey.process.internal.RequestScope.runInScope(RequestScope.java:444)
	at org.glassfish.jersey.client.JerseyInvocation.invoke(JerseyInvocation.java:668)
	at org.glassfish.jersey.client.JerseyInvocation$Builder.method(JerseyInvocation.java:428)
	at org.glassfish.jersey.client.JerseyInvocation$Builder.post(JerseyInvocation.java:334)
	at com.myntra.lordoftherings.gandalf.RequestGenerator.CollectResponse(RequestGenerator.java:290)
	at com.myntra.lordoftherings.gandalf.RequestGenerator.PostResponse(RequestGenerator.java:194)
	at com.myntra.lordoftherings.gandalf.RequestGenerator.<init>(RequestGenerator.java:136)
	at com.myntra.apiTests.portalservices.idpservice.IDPServiceHelper.performSignUpOperation(IDPServiceHelper.java:67)
	at com.myntra.apiTests.portalservices.atsService.ATSHelper.performSignup(ATSHelper.java:156)
	at com.myntra.apiTests.portalservices.atsService.TestATSAPISV2.testSetandGetATSUserDetailsVerification(TestATSAPISV2.java:52)
Caused by: java.lang.IllegalStateException: Already connected
	at sun.net.www.protocol.http.HttpURLConnection.setRequestProperty(HttpURLConnection.java:3071)
	at org.glassfish.jersey.client.HttpUrlConnector.setOutboundHeaders(HttpUrlConnector.java:374)
	at org.glassfish.jersey.client.HttpUrlConnector.access$100(HttpUrlConnector.java:91)
	at org.glassfish.jersey.client.HttpUrlConnector$4.getOutputStream(HttpUrlConnector.java:325)
	at org.glassfish.jersey.message.internal.CommittingOutputStream.commitStream(CommittingOutputStream.java:200)
	at org.glassfish.jersey.message.internal.CommittingOutputStream.commitStream(CommittingOutputStream.java:194)
	at org.glassfish.jersey.message.internal.CommittingOutputStream.commit(CommittingOutputStream.java:262)
	at org.glassfish.jersey.message.internal.OutboundMessageContext.commitStream(OutboundMessageContext.java:816)
	at org.glassfish.jersey.client.ClientRequest.writeEntity(ClientRequest.java:545)
	at org.glassfish.jersey.client.HttpUrlConnector._apply(HttpUrlConnector.java:329)
	at org.glassfish.jersey.client.HttpUrlConnector.apply(HttpUrlConnector.java:242)
	at org.glassfish.jersey.client.ClientRuntime.invoke(ClientRuntime.java:254)
	... 41 more
... Removed 26 stack frames]]>
    </failure>
  </testcase> <!-- testSetandGetATSUserDetailsVerification -->
  <testcase name="testSetandGetATSUserDetailsVerification" time="0.054" classname="com.myntra.apiTests.portalservices.atsService.TestATSAPISV2">
    <failure type="javax.ws.rs.ProcessingException" message="Already connected">
      <![CDATA[javax.ws.rs.ProcessingException: Already connected
	at org.glassfish.jersey.client.ClientRuntime.invoke(ClientRuntime.java:263)
	at org.glassfish.jersey.client.JerseyInvocation$1.call(JerseyInvocation.java:671)
	at org.glassfish.jersey.client.JerseyInvocation$1.call(JerseyInvocation.java:668)
	at org.glassfish.jersey.internal.Errors.process(Errors.java:315)
	at org.glassfish.jersey.internal.Errors.process(Errors.java:297)
	at org.glassfish.jersey.internal.Errors.process(Errors.java:228)
	at org.glassfish.jersey.process.internal.RequestScope.runInScope(RequestScope.java:444)
	at org.glassfish.jersey.client.JerseyInvocation.invoke(JerseyInvocation.java:668)
	at org.glassfish.jersey.client.JerseyInvocation$Builder.method(JerseyInvocation.java:428)
	at org.glassfish.jersey.client.JerseyInvocation$Builder.post(JerseyInvocation.java:334)
	at com.myntra.lordoftherings.gandalf.RequestGenerator.CollectResponse(RequestGenerator.java:290)
	at com.myntra.lordoftherings.gandalf.RequestGenerator.PostResponse(RequestGenerator.java:194)
	at com.myntra.lordoftherings.gandalf.RequestGenerator.<init>(RequestGenerator.java:136)
	at com.myntra.apiTests.portalservices.idpservice.IDPServiceHelper.performSignUpOperation(IDPServiceHelper.java:67)
	at com.myntra.apiTests.portalservices.atsService.ATSHelper.performSignup(ATSHelper.java:156)
	at com.myntra.apiTests.portalservices.atsService.TestATSAPISV2.testSetandGetATSUserDetailsVerification(TestATSAPISV2.java:52)
Caused by: java.lang.IllegalStateException: Already connected
	at sun.net.www.protocol.http.HttpURLConnection.setRequestProperty(HttpURLConnection.java:3071)
	at org.glassfish.jersey.client.HttpUrlConnector.setOutboundHeaders(HttpUrlConnector.java:374)
	at org.glassfish.jersey.client.HttpUrlConnector.access$100(HttpUrlConnector.java:91)
	at org.glassfish.jersey.client.HttpUrlConnector$4.getOutputStream(HttpUrlConnector.java:325)
	at org.glassfish.jersey.message.internal.CommittingOutputStream.commitStream(CommittingOutputStream.java:200)
	at org.glassfish.jersey.message.internal.CommittingOutputStream.commitStream(CommittingOutputStream.java:194)
	at org.glassfish.jersey.message.internal.CommittingOutputStream.commit(CommittingOutputStream.java:262)
	at org.glassfish.jersey.message.internal.OutboundMessageContext.commitStream(OutboundMessageContext.java:816)
	at org.glassfish.jersey.client.ClientRequest.writeEntity(ClientRequest.java:545)
	at org.glassfish.jersey.client.HttpUrlConnector._apply(HttpUrlConnector.java:329)
	at org.glassfish.jersey.client.HttpUrlConnector.apply(HttpUrlConnector.java:242)
	at org.glassfish.jersey.client.ClientRuntime.invoke(ClientRuntime.java:254)
	... 41 more
... Removed 26 stack frames]]>
    </failure>
  </testcase> <!-- testSetandGetATSUserDetailsVerification -->
  <testcase name="testSetandGetATSUserDetailsVerification" time="0.038" classname="com.myntra.apiTests.portalservices.atsService.TestATSAPISV2">
    <failure type="javax.ws.rs.ProcessingException" message="Already connected">
      <![CDATA[javax.ws.rs.ProcessingException: Already connected
	at org.glassfish.jersey.client.ClientRuntime.invoke(ClientRuntime.java:263)
	at org.glassfish.jersey.client.JerseyInvocation$1.call(JerseyInvocation.java:671)
	at org.glassfish.jersey.client.JerseyInvocation$1.call(JerseyInvocation.java:668)
	at org.glassfish.jersey.internal.Errors.process(Errors.java:315)
	at org.glassfish.jersey.internal.Errors.process(Errors.java:297)
	at org.glassfish.jersey.internal.Errors.process(Errors.java:228)
	at org.glassfish.jersey.process.internal.RequestScope.runInScope(RequestScope.java:444)
	at org.glassfish.jersey.client.JerseyInvocation.invoke(JerseyInvocation.java:668)
	at org.glassfish.jersey.client.JerseyInvocation$Builder.method(JerseyInvocation.java:428)
	at org.glassfish.jersey.client.JerseyInvocation$Builder.post(JerseyInvocation.java:334)
	at com.myntra.lordoftherings.gandalf.RequestGenerator.CollectResponse(RequestGenerator.java:290)
	at com.myntra.lordoftherings.gandalf.RequestGenerator.PostResponse(RequestGenerator.java:194)
	at com.myntra.lordoftherings.gandalf.RequestGenerator.<init>(RequestGenerator.java:136)
	at com.myntra.apiTests.portalservices.idpservice.IDPServiceHelper.performSignUpOperation(IDPServiceHelper.java:67)
	at com.myntra.apiTests.portalservices.atsService.ATSHelper.performSignup(ATSHelper.java:156)
	at com.myntra.apiTests.portalservices.atsService.TestATSAPISV2.testSetandGetATSUserDetailsVerification(TestATSAPISV2.java:52)
Caused by: java.lang.IllegalStateException: Already connected
	at sun.net.www.protocol.http.HttpURLConnection.setRequestProperty(HttpURLConnection.java:3071)
	at org.glassfish.jersey.client.HttpUrlConnector.setOutboundHeaders(HttpUrlConnector.java:374)
	at org.glassfish.jersey.client.HttpUrlConnector.access$100(HttpUrlConnector.java:91)
	at org.glassfish.jersey.client.HttpUrlConnector$4.getOutputStream(HttpUrlConnector.java:325)
	at org.glassfish.jersey.message.internal.CommittingOutputStream.commitStream(CommittingOutputStream.java:200)
	at org.glassfish.jersey.message.internal.CommittingOutputStream.commitStream(CommittingOutputStream.java:194)
	at org.glassfish.jersey.message.internal.CommittingOutputStream.commit(CommittingOutputStream.java:262)
	at org.glassfish.jersey.message.internal.OutboundMessageContext.commitStream(OutboundMessageContext.java:816)
	at org.glassfish.jersey.client.ClientRequest.writeEntity(ClientRequest.java:545)
	at org.glassfish.jersey.client.HttpUrlConnector._apply(HttpUrlConnector.java:329)
	at org.glassfish.jersey.client.HttpUrlConnector.apply(HttpUrlConnector.java:242)
	at org.glassfish.jersey.client.ClientRuntime.invoke(ClientRuntime.java:254)
	... 41 more
... Removed 26 stack frames]]>
    </failure>
  </testcase> <!-- testSetandGetATSUserDetailsVerification -->
  <testcase name="testSetandGetATSUserDetailsVerification" time="0.054" classname="com.myntra.apiTests.portalservices.atsService.TestATSAPISV2">
    <failure type="javax.ws.rs.ProcessingException" message="Already connected">
      <![CDATA[javax.ws.rs.ProcessingException: Already connected
	at org.glassfish.jersey.client.ClientRuntime.invoke(ClientRuntime.java:263)
	at org.glassfish.jersey.client.JerseyInvocation$1.call(JerseyInvocation.java:671)
	at org.glassfish.jersey.client.JerseyInvocation$1.call(JerseyInvocation.java:668)
	at org.glassfish.jersey.internal.Errors.process(Errors.java:315)
	at org.glassfish.jersey.internal.Errors.process(Errors.java:297)
	at org.glassfish.jersey.internal.Errors.process(Errors.java:228)
	at org.glassfish.jersey.process.internal.RequestScope.runInScope(RequestScope.java:444)
	at org.glassfish.jersey.client.JerseyInvocation.invoke(JerseyInvocation.java:668)
	at org.glassfish.jersey.client.JerseyInvocation$Builder.method(JerseyInvocation.java:428)
	at org.glassfish.jersey.client.JerseyInvocation$Builder.post(JerseyInvocation.java:334)
	at com.myntra.lordoftherings.gandalf.RequestGenerator.CollectResponse(RequestGenerator.java:290)
	at com.myntra.lordoftherings.gandalf.RequestGenerator.PostResponse(RequestGenerator.java:194)
	at com.myntra.lordoftherings.gandalf.RequestGenerator.<init>(RequestGenerator.java:136)
	at com.myntra.apiTests.portalservices.idpservice.IDPServiceHelper.performSignUpOperation(IDPServiceHelper.java:67)
	at com.myntra.apiTests.portalservices.atsService.ATSHelper.performSignup(ATSHelper.java:156)
	at com.myntra.apiTests.portalservices.atsService.TestATSAPISV2.testSetandGetATSUserDetailsVerification(TestATSAPISV2.java:52)
Caused by: java.lang.IllegalStateException: Already connected
	at sun.net.www.protocol.http.HttpURLConnection.setRequestProperty(HttpURLConnection.java:3071)
	at org.glassfish.jersey.client.HttpUrlConnector.setOutboundHeaders(HttpUrlConnector.java:374)
	at org.glassfish.jersey.client.HttpUrlConnector.access$100(HttpUrlConnector.java:91)
	at org.glassfish.jersey.client.HttpUrlConnector$4.getOutputStream(HttpUrlConnector.java:325)
	at org.glassfish.jersey.message.internal.CommittingOutputStream.commitStream(CommittingOutputStream.java:200)
	at org.glassfish.jersey.message.internal.CommittingOutputStream.commitStream(CommittingOutputStream.java:194)
	at org.glassfish.jersey.message.internal.CommittingOutputStream.commit(CommittingOutputStream.java:262)
	at org.glassfish.jersey.message.internal.OutboundMessageContext.commitStream(OutboundMessageContext.java:816)
	at org.glassfish.jersey.client.ClientRequest.writeEntity(ClientRequest.java:545)
	at org.glassfish.jersey.client.HttpUrlConnector._apply(HttpUrlConnector.java:329)
	at org.glassfish.jersey.client.HttpUrlConnector.apply(HttpUrlConnector.java:242)
	at org.glassfish.jersey.client.ClientRuntime.invoke(ClientRuntime.java:254)
	... 41 more
... Removed 26 stack frames]]>
    </failure>
  </testcase> <!-- testSetandGetATSUserDetailsVerification -->
  <testcase name="testSetandGetATSUserDetailsVerification" time="0.09" classname="com.myntra.apiTests.portalservices.atsService.TestATSAPISV2">
    <failure type="javax.ws.rs.ProcessingException" message="Already connected">
      <![CDATA[javax.ws.rs.ProcessingException: Already connected
	at org.glassfish.jersey.client.ClientRuntime.invoke(ClientRuntime.java:263)
	at org.glassfish.jersey.client.JerseyInvocation$1.call(JerseyInvocation.java:671)
	at org.glassfish.jersey.client.JerseyInvocation$1.call(JerseyInvocation.java:668)
	at org.glassfish.jersey.internal.Errors.process(Errors.java:315)
	at org.glassfish.jersey.internal.Errors.process(Errors.java:297)
	at org.glassfish.jersey.internal.Errors.process(Errors.java:228)
	at org.glassfish.jersey.process.internal.RequestScope.runInScope(RequestScope.java:444)
	at org.glassfish.jersey.client.JerseyInvocation.invoke(JerseyInvocation.java:668)
	at org.glassfish.jersey.client.JerseyInvocation$Builder.method(JerseyInvocation.java:428)
	at org.glassfish.jersey.client.JerseyInvocation$Builder.post(JerseyInvocation.java:334)
	at com.myntra.lordoftherings.gandalf.RequestGenerator.CollectResponse(RequestGenerator.java:290)
	at com.myntra.lordoftherings.gandalf.RequestGenerator.PostResponse(RequestGenerator.java:194)
	at com.myntra.lordoftherings.gandalf.RequestGenerator.<init>(RequestGenerator.java:136)
	at com.myntra.apiTests.portalservices.idpservice.IDPServiceHelper.performSignUpOperation(IDPServiceHelper.java:67)
	at com.myntra.apiTests.portalservices.atsService.ATSHelper.performSignup(ATSHelper.java:156)
	at com.myntra.apiTests.portalservices.atsService.TestATSAPISV2.testSetandGetATSUserDetailsVerification(TestATSAPISV2.java:52)
Caused by: java.lang.IllegalStateException: Already connected
	at sun.net.www.protocol.http.HttpURLConnection.setRequestProperty(HttpURLConnection.java:3071)
	at org.glassfish.jersey.client.HttpUrlConnector.setOutboundHeaders(HttpUrlConnector.java:374)
	at org.glassfish.jersey.client.HttpUrlConnector.access$100(HttpUrlConnector.java:91)
	at org.glassfish.jersey.client.HttpUrlConnector$4.getOutputStream(HttpUrlConnector.java:325)
	at org.glassfish.jersey.message.internal.CommittingOutputStream.commitStream(CommittingOutputStream.java:200)
	at org.glassfish.jersey.message.internal.CommittingOutputStream.commitStream(CommittingOutputStream.java:194)
	at org.glassfish.jersey.message.internal.CommittingOutputStream.commit(CommittingOutputStream.java:262)
	at org.glassfish.jersey.message.internal.OutboundMessageContext.commitStream(OutboundMessageContext.java:816)
	at org.glassfish.jersey.client.ClientRequest.writeEntity(ClientRequest.java:545)
	at org.glassfish.jersey.client.HttpUrlConnector._apply(HttpUrlConnector.java:329)
	at org.glassfish.jersey.client.HttpUrlConnector.apply(HttpUrlConnector.java:242)
	at org.glassfish.jersey.client.ClientRuntime.invoke(ClientRuntime.java:254)
	... 41 more
... Removed 26 stack frames]]>
    </failure>
  </testcase> <!-- testSetandGetATSUserDetailsVerification -->
  <testcase name="testSetandGetATSUserDetailsVerification" time="0.104" classname="com.myntra.apiTests.portalservices.atsService.TestATSAPISV2">
    <failure type="javax.ws.rs.ProcessingException" message="Already connected">
      <![CDATA[javax.ws.rs.ProcessingException: Already connected
	at org.glassfish.jersey.client.ClientRuntime.invoke(ClientRuntime.java:263)
	at org.glassfish.jersey.client.JerseyInvocation$1.call(JerseyInvocation.java:671)
	at org.glassfish.jersey.client.JerseyInvocation$1.call(JerseyInvocation.java:668)
	at org.glassfish.jersey.internal.Errors.process(Errors.java:315)
	at org.glassfish.jersey.internal.Errors.process(Errors.java:297)
	at org.glassfish.jersey.internal.Errors.process(Errors.java:228)
	at org.glassfish.jersey.process.internal.RequestScope.runInScope(RequestScope.java:444)
	at org.glassfish.jersey.client.JerseyInvocation.invoke(JerseyInvocation.java:668)
	at org.glassfish.jersey.client.JerseyInvocation$Builder.method(JerseyInvocation.java:428)
	at org.glassfish.jersey.client.JerseyInvocation$Builder.post(JerseyInvocation.java:334)
	at com.myntra.lordoftherings.gandalf.RequestGenerator.CollectResponse(RequestGenerator.java:290)
	at com.myntra.lordoftherings.gandalf.RequestGenerator.PostResponse(RequestGenerator.java:194)
	at com.myntra.lordoftherings.gandalf.RequestGenerator.<init>(RequestGenerator.java:136)
	at com.myntra.apiTests.portalservices.idpservice.IDPServiceHelper.performSignUpOperation(IDPServiceHelper.java:67)
	at com.myntra.apiTests.portalservices.atsService.ATSHelper.performSignup(ATSHelper.java:156)
	at com.myntra.apiTests.portalservices.atsService.TestATSAPISV2.testSetandGetATSUserDetailsVerification(TestATSAPISV2.java:52)
Caused by: java.lang.IllegalStateException: Already connected
	at sun.net.www.protocol.http.HttpURLConnection.setRequestProperty(HttpURLConnection.java:3071)
	at org.glassfish.jersey.client.HttpUrlConnector.setOutboundHeaders(HttpUrlConnector.java:374)
	at org.glassfish.jersey.client.HttpUrlConnector.access$100(HttpUrlConnector.java:91)
	at org.glassfish.jersey.client.HttpUrlConnector$4.getOutputStream(HttpUrlConnector.java:325)
	at org.glassfish.jersey.message.internal.CommittingOutputStream.commitStream(CommittingOutputStream.java:200)
	at org.glassfish.jersey.message.internal.CommittingOutputStream.commitStream(CommittingOutputStream.java:194)
	at org.glassfish.jersey.message.internal.CommittingOutputStream.commit(CommittingOutputStream.java:262)
	at org.glassfish.jersey.message.internal.OutboundMessageContext.commitStream(OutboundMessageContext.java:816)
	at org.glassfish.jersey.client.ClientRequest.writeEntity(ClientRequest.java:545)
	at org.glassfish.jersey.client.HttpUrlConnector._apply(HttpUrlConnector.java:329)
	at org.glassfish.jersey.client.HttpUrlConnector.apply(HttpUrlConnector.java:242)
	at org.glassfish.jersey.client.ClientRuntime.invoke(ClientRuntime.java:254)
	... 41 more
... Removed 26 stack frames]]>
    </failure>
  </testcase> <!-- testSetandGetATSUserDetailsVerification -->
  <testcase name="testSetandGetATSUserDetailsVerification" time="0.138" classname="com.myntra.apiTests.portalservices.atsService.TestATSAPISV2">
    <failure type="javax.ws.rs.ProcessingException" message="Already connected">
      <![CDATA[javax.ws.rs.ProcessingException: Already connected
	at org.glassfish.jersey.client.ClientRuntime.invoke(ClientRuntime.java:263)
	at org.glassfish.jersey.client.JerseyInvocation$1.call(JerseyInvocation.java:671)
	at org.glassfish.jersey.client.JerseyInvocation$1.call(JerseyInvocation.java:668)
	at org.glassfish.jersey.internal.Errors.process(Errors.java:315)
	at org.glassfish.jersey.internal.Errors.process(Errors.java:297)
	at org.glassfish.jersey.internal.Errors.process(Errors.java:228)
	at org.glassfish.jersey.process.internal.RequestScope.runInScope(RequestScope.java:444)
	at org.glassfish.jersey.client.JerseyInvocation.invoke(JerseyInvocation.java:668)
	at org.glassfish.jersey.client.JerseyInvocation$Builder.method(JerseyInvocation.java:428)
	at org.glassfish.jersey.client.JerseyInvocation$Builder.post(JerseyInvocation.java:334)
	at com.myntra.lordoftherings.gandalf.RequestGenerator.CollectResponse(RequestGenerator.java:290)
	at com.myntra.lordoftherings.gandalf.RequestGenerator.PostResponse(RequestGenerator.java:194)
	at com.myntra.lordoftherings.gandalf.RequestGenerator.<init>(RequestGenerator.java:136)
	at com.myntra.apiTests.portalservices.idpservice.IDPServiceHelper.performSignUpOperation(IDPServiceHelper.java:67)
	at com.myntra.apiTests.portalservices.atsService.ATSHelper.performSignup(ATSHelper.java:156)
	at com.myntra.apiTests.portalservices.atsService.TestATSAPISV2.testSetandGetATSUserDetailsVerification(TestATSAPISV2.java:52)
Caused by: java.lang.IllegalStateException: Already connected
	at sun.net.www.protocol.http.HttpURLConnection.setRequestProperty(HttpURLConnection.java:3071)
	at org.glassfish.jersey.client.HttpUrlConnector.setOutboundHeaders(HttpUrlConnector.java:374)
	at org.glassfish.jersey.client.HttpUrlConnector.access$100(HttpUrlConnector.java:91)
	at org.glassfish.jersey.client.HttpUrlConnector$4.getOutputStream(HttpUrlConnector.java:325)
	at org.glassfish.jersey.message.internal.CommittingOutputStream.commitStream(CommittingOutputStream.java:200)
	at org.glassfish.jersey.message.internal.CommittingOutputStream.commitStream(CommittingOutputStream.java:194)
	at org.glassfish.jersey.message.internal.CommittingOutputStream.commit(CommittingOutputStream.java:262)
	at org.glassfish.jersey.message.internal.OutboundMessageContext.commitStream(OutboundMessageContext.java:816)
	at org.glassfish.jersey.client.ClientRequest.writeEntity(ClientRequest.java:545)
	at org.glassfish.jersey.client.HttpUrlConnector._apply(HttpUrlConnector.java:329)
	at org.glassfish.jersey.client.HttpUrlConnector.apply(HttpUrlConnector.java:242)
	at org.glassfish.jersey.client.ClientRuntime.invoke(ClientRuntime.java:254)
	... 41 more
... Removed 26 stack frames]]>
    </failure>
  </testcase> <!-- testSetandGetATSUserDetailsVerification -->
  <testcase name="testSetandGetATSUserDetailsVerification" time="0.11" classname="com.myntra.apiTests.portalservices.atsService.TestATSAPISV2">
    <failure type="javax.ws.rs.ProcessingException" message="Already connected">
      <![CDATA[javax.ws.rs.ProcessingException: Already connected
	at org.glassfish.jersey.client.ClientRuntime.invoke(ClientRuntime.java:263)
	at org.glassfish.jersey.client.JerseyInvocation$1.call(JerseyInvocation.java:671)
	at org.glassfish.jersey.client.JerseyInvocation$1.call(JerseyInvocation.java:668)
	at org.glassfish.jersey.internal.Errors.process(Errors.java:315)
	at org.glassfish.jersey.internal.Errors.process(Errors.java:297)
	at org.glassfish.jersey.internal.Errors.process(Errors.java:228)
	at org.glassfish.jersey.process.internal.RequestScope.runInScope(RequestScope.java:444)
	at org.glassfish.jersey.client.JerseyInvocation.invoke(JerseyInvocation.java:668)
	at org.glassfish.jersey.client.JerseyInvocation$Builder.method(JerseyInvocation.java:428)
	at org.glassfish.jersey.client.JerseyInvocation$Builder.post(JerseyInvocation.java:334)
	at com.myntra.lordoftherings.gandalf.RequestGenerator.CollectResponse(RequestGenerator.java:290)
[...]
	at com.myntra.lordoftherings.gandalf.RequestGenerator.<init>(RequestGenerator.java:136)
	at com.myntra.apiTests.portalservices.idpservice.IDPServiceHelper.performSignUpOperation(IDPServiceHelper.java:67)
	at com.myntra.apiTests.portalservices.atsService.ATSHelper.performSignup(ATSHelper.java:156)
	at com.myntra.apiTests.portalservices.atsService.TestATSAPISV2.testSetandGetATSUserDetailsVerification(TestATSAPISV2.java:52)
Caused by: java.lang.IllegalStateException: Already connected
	at sun.net.www.protocol.http.HttpURLConnection.setRequestProperty(HttpURLConnection.java:3071)
	at org.glassfish.jersey.client.HttpUrlConnector.setOutboundHeaders(HttpUrlConnector.java:374)
	at org.glassfish.jersey.client.HttpUrlConnector.access$100(HttpUrlConnector.java:91)
	at org.glassfish.jersey.client.HttpUrlConnector$4.getOutputStream(HttpUrlConnector.java:325)
	at org.glassfish.jersey.message.internal.CommittingOutputStream.commitStream(CommittingOutputStream.java:200)
	at org.glassfish.jersey.message.internal.CommittingOutputStream.commitStream(CommittingOutputStream.java:194)
	at org.glassfish.jersey.message.internal.CommittingOutputStream.commit(CommittingOutputStream.java:262)
	at org.glassfish.jersey.message.internal.OutboundMessageContext.commitStream(OutboundMessageContext.java:816)
	at org.glassfish.jersey.client.ClientRequest.writeEntity(ClientRequest.java:545)
	at org.glassfish.jersey.client.HttpUrlConnector._apply(HttpUrlConnector.java:329)
	at org.glassfish.jersey.client.HttpUrlConnector.apply(HttpUrlConnector.java:242)
	at org.glassfish.jersey.client.ClientRuntime.invoke(ClientRuntime.java:254)
	... 41 more
... Removed 26 stack frames]]>
    </failure>
  </testcase> <!-- testSetandGetATSUserDetailsVerification -->
  <testcase name="testSetandGetATSUserDetailsVerification" time="0.084" classname="com.myntra.apiTests.portalservices.atsService.TestATSAPISV2">
    <failure type="javax.ws.rs.ProcessingException" message="Already connected">
      <![CDATA[javax.ws.rs.ProcessingException: Already connected
	at org.glassfish.jersey.client.ClientRuntime.invoke(ClientRuntime.java:263)
	at org.glassfish.jersey.client.JerseyInvocation$1.call(JerseyInvocation.java:671)
	at org.glassfish.jersey.client.JerseyInvocation$1.call(JerseyInvocation.java:668)
	at org.glassfish.jersey.internal.Errors.process(Errors.java:315)
	at org.glassfish.jersey.internal.Errors.process(Errors.java:297)
	at org.glassfish.jersey.internal.Errors.process(Errors.java:228)
	at org.glassfish.jersey.process.internal.RequestScope.runInScope(RequestScope.java:444)
	at org.glassfish.jersey.client.JerseyInvocation.invoke(JerseyInvocation.java:668)
	at org.glassfish.jersey.client.JerseyInvocation$Builder.method(JerseyInvocation.java:428)
	at org.glassfish.jersey.client.JerseyInvocation$Builder.post(JerseyInvocation.java:334)
	at com.myntra.lordoftherings.gandalf.RequestGenerator.CollectResponse(RequestGenerator.java:290)
	at com.myntra.lordoftherings.gandalf.RequestGenerator.PostResponse(RequestGenerator.java:194)
	at com.myntra.lordoftherings.gandalf.RequestGenerator.<init>(RequestGenerator.java:136)
	at com.myntra.apiTests.portalservices.idpservice.IDPServiceHelper.performSignUpOperation(IDPServiceHelper.java:67)
	at com.myntra.apiTests.portalservices.atsService.ATSHelper.performSignup(ATSHelper.java:156)
	at com.myntra.apiTests.portalservices.atsService.TestATSAPISV2.testSetandGetATSUserDetailsVerification(TestATSAPISV2.java:52)
Caused by: java.lang.IllegalStateException: Already connected
	at sun.net.www.protocol.http.HttpURLConnection.setRequestProperty(HttpURLConnection.java:3071)
	at org.glassfish.jersey.client.HttpUrlConnector.setOutboundHeaders(HttpUrlConnector.java:374)
	at org.glassfish.jersey.client.HttpUrlConnector.access$100(HttpUrlConnector.java:91)
	at org.glassfish.jersey.client.HttpUrlConnector$4.getOutputStream(HttpUrlConnector.java:325)
	at org.glassfish.jersey.message.internal.CommittingOutputStream.commitStream(CommittingOutputStream.java:200)
	at org.glassfish.jersey.message.internal.CommittingOutputStream.commitStream(CommittingOutputStream.java:194)
	at org.glassfish.jersey.message.internal.CommittingOutputStream.commit(CommittingOutputStream.java:262)
	at org.glassfish.jersey.message.internal.OutboundMessageContext.commitStream(OutboundMessageContext.java:816)
	at org.glassfish.jersey.client.ClientRequest.writeEntity(ClientRequest.java:545)
	at org.glassfish.jersey.client.HttpUrlConnector._apply(HttpUrlConnector.java:329)
	at org.glassfish.jersey.client.HttpUrlConnector.apply(HttpUrlConnector.java:242)
	at org.glassfish.jersey.client.ClientRuntime.invoke(ClientRuntime.java:254)
	... 41 more
... Removed 26 stack frames]]>
    </failure>
  </testcase> <!-- testSetandGetATSUserDetailsVerification -->
  <testcase name="testSetandGetATSUserDetailsVerification" time="0.075" classname="com.myntra.apiTests.portalservices.atsService.TestATSAPISV2">
    <failure type="javax.ws.rs.ProcessingException" message="Already connected">
      <![CDATA[javax.ws.rs.ProcessingException: Already connected
	at org.glassfish.jersey.client.ClientRuntime.invoke(ClientRuntime.java:263)
	at org.glassfish.jersey.client.JerseyInvocation$1.call(JerseyInvocation.java:671)
	at org.glassfish.jersey.client.JerseyInvocation$1.call(JerseyInvocation.java:668)
	at org.glassfish.jersey.internal.Errors.process(Errors.java:315)
	at org.glassfish.jersey.internal.Errors.process(Errors.java:297)
	at org.glassfish.jersey.internal.Errors.process(Errors.java:228)
	at org.glassfish.jersey.process.internal.RequestScope.runInScope(RequestScope.java:444)
	at org.glassfish.jersey.client.JerseyInvocation.invoke(JerseyInvocation.java:668)
	at org.glassfish.jersey.client.JerseyInvocation$Builder.method(JerseyInvocation.java:428)
	at org.glassfish.jersey.client.JerseyInvocation$Builder.post(JerseyInvocation.java:334)
	at com.myntra.lordoftherings.gandalf.RequestGenerator.CollectResponse(RequestGenerator.java:290)
	at com.myntra.lordoftherings.gandalf.RequestGenerator.PostResponse(RequestGenerator.java:194)
	at com.myntra.lordoftherings.gandalf.RequestGenerator.<init>(RequestGenerator.java:136)
	at com.myntra.apiTests.portalservices.idpservice.IDPServiceHelper.performSignUpOperation(IDPServiceHelper.java:67)
	at com.myntra.apiTests.portalservices.atsService.ATSHelper.performSignup(ATSHelper.java:156)
	at com.myntra.apiTests.portalservices.atsService.TestATSAPISV2.testSetandGetATSUserDetailsVerification(TestATSAPISV2.java:52)
Caused by: java.lang.IllegalStateException: Already connected
	at sun.net.www.protocol.http.HttpURLConnection.setRequestProperty(HttpURLConnection.java:3071)
	at org.glassfish.jersey.client.HttpUrlConnector.setOutboundHeaders(HttpUrlConnector.java:374)
	at org.glassfish.jersey.client.HttpUrlConnector.access$100(HttpUrlConnector.java:91)
	at org.glassfish.jersey.client.HttpUrlConnector$4.getOutputStream(HttpUrlConnector.java:325)
	at org.glassfish.jersey.message.internal.CommittingOutputStream.commitStream(CommittingOutputStream.java:200)
	at org.glassfish.jersey.message.internal.CommittingOutputStream.commitStream(CommittingOutputStream.java:194)
	at org.glassfish.jersey.message.internal.CommittingOutputStream.commit(CommittingOutputStream.java:262)
	at org.glassfish.jersey.message.internal.OutboundMessageContext.commitStream(OutboundMessageContext.java:816)
	at org.glassfish.jersey.client.ClientRequest.writeEntity(ClientRequest.java:545)
	at org.glassfish.jersey.client.HttpUrlConnector._apply(HttpUrlConnector.java:329)
	at org.glassfish.jersey.client.HttpUrlConnector.apply(HttpUrlConnector.java:242)
	at org.glassfish.jersey.client.ClientRuntime.invoke(ClientRuntime.java:254)
	... 41 more
... Removed 26 stack frames]]>
    </failure>
  </testcase> <!-- testSetandGetATSUserDetailsVerification -->
  <testcase name="testSetandGetATSUserDetailsVerification" time="0.082" classname="com.myntra.apiTests.portalservices.atsService.TestATSAPISV2">
    <failure type="javax.ws.rs.ProcessingException" message="Already connected">
      <![CDATA[javax.ws.rs.ProcessingException: Already connected
	at org.glassfish.jersey.client.ClientRuntime.invoke(ClientRuntime.java:263)
	at org.glassfish.jersey.client.JerseyInvocation$1.call(JerseyInvocation.java:671)
	at org.glassfish.jersey.client.JerseyInvocation$1.call(JerseyInvocation.java:668)
	at org.glassfish.jersey.internal.Errors.process(Errors.java:315)
	at org.glassfish.jersey.internal.Errors.process(Errors.java:297)
	at org.glassfish.jersey.internal.Errors.process(Errors.java:228)
	at org.glassfish.jersey.process.internal.RequestScope.runInScope(RequestScope.java:444)
	at org.glassfish.jersey.client.JerseyInvocation.invoke(JerseyInvocation.java:668)
	at org.glassfish.jersey.client.JerseyInvocation$Builder.method(JerseyInvocation.java:428)
	at org.glassfish.jersey.client.JerseyInvocation$Builder.post(JerseyInvocation.java:334)
	at com.myntra.lordoftherings.gandalf.RequestGenerator.CollectResponse(RequestGenerator.java:290)
	at com.myntra.lordoftherings.gandalf.RequestGenerator.PostResponse(RequestGenerator.java:194)
	at com.myntra.lordoftherings.gandalf.RequestGenerator.<init>(RequestGenerator.java:136)
	at com.myntra.apiTests.portalservices.idpservice.IDPServiceHelper.performSignUpOperation(IDPServiceHelper.java:67)
	at com.myntra.apiTests.portalservices.atsService.ATSHelper.performSignup(ATSHelper.java:156)
	at com.myntra.apiTests.portalservices.atsService.TestATSAPISV2.testSetandGetATSUserDetailsVerification(TestATSAPISV2.java:52)
Caused by: java.lang.IllegalStateException: Already connected
	at sun.net.www.protocol.http.HttpURLConnection.setRequestProperty(HttpURLConnection.java:3071)
	at org.glassfish.jersey.client.HttpUrlConnector.setOutboundHeaders(HttpUrlConnector.java:374)
	at org.glassfish.jersey.client.HttpUrlConnector.access$100(HttpUrlConnector.java:91)
	at org.glassfish.jersey.client.HttpUrlConnector$4.getOutputStream(HttpUrlConnector.java:325)
	at org.glassfish.jersey.message.internal.CommittingOutputStream.commitStream(CommittingOutputStream.java:200)
	at org.glassfish.jersey.message.internal.CommittingOutputStream.commitStream(CommittingOutputStream.java:194)
	at org.glassfish.jersey.message.internal.CommittingOutputStream.commit(CommittingOutputStream.java:262)
	at org.glassfish.jersey.message.internal.OutboundMessageContext.commitStream(OutboundMessageContext.java:816)
	at org.glassfish.jersey.client.ClientRequest.writeEntity(ClientRequest.java:545)
	at org.glassfish.jersey.client.HttpUrlConnector._apply(HttpUrlConnector.java:329)
	at org.glassfish.jersey.client.HttpUrlConnector.apply(HttpUrlConnector.java:242)
	at org.glassfish.jersey.client.ClientRuntime.invoke(ClientRuntime.java:254)
	... 41 more
... Removed 26 stack frames]]>
    </failure>
  </testcase> <!-- testSetandGetATSUserDetailsVerification -->
  <testcase name="testSetandGetATSUserDetailsVerification" time="0.074" classname="com.myntra.apiTests.portalservices.atsService.TestATSAPISV2">
    <failure type="javax.ws.rs.ProcessingException" message="Already connected">
      <![CDATA[javax.ws.rs.ProcessingException: Already connected
	at org.glassfish.jersey.client.ClientRuntime.invoke(ClientRuntime.java:263)
	at org.glassfish.jersey.client.JerseyInvocation$1.call(JerseyInvocation.java:671)
	at org.glassfish.jersey.client.JerseyInvocation$1.call(JerseyInvocation.java:668)
	at org.glassfish.jersey.internal.Errors.process(Errors.java:315)
	at org.glassfish.jersey.internal.Errors.process(Errors.java:297)
	at org.glassfish.jersey.internal.Errors.process(Errors.java:228)
	at org.glassfish.jersey.process.internal.RequestScope.runInScope(RequestScope.java:444)
	at org.glassfish.jersey.client.JerseyInvocation.invoke(JerseyInvocation.java:668)
	at org.glassfish.jersey.client.JerseyInvocation$Builder.method(JerseyInvocation.java:428)
	at org.glassfish.jersey.client.JerseyInvocation$Builder.post(JerseyInvocation.java:334)
	at com.myntra.lordoftherings.gandalf.RequestGenerator.CollectResponse(RequestGenerator.java:290)
	at com.myntra.lordoftherings.gandalf.RequestGenerator.PostResponse(RequestGenerator.java:194)
	at com.myntra.lordoftherings.gandalf.RequestGenerator.<init>(RequestGenerator.java:136)
	at com.myntra.apiTests.portalservices.idpservice.IDPServiceHelper.performSignUpOperation(IDPServiceHelper.java:67)
	at com.myntra.apiTests.portalservices.atsService.ATSHelper.performSignup(ATSHelper.java:156)
	at com.myntra.apiTests.portalservices.atsService.TestATSAPISV2.testSetandGetATSUserDetailsVerification(TestATSAPISV2.java:52)
Caused by: java.lang.IllegalStateException: Already connected
	at sun.net.www.protocol.http.HttpURLConnection.setRequestProperty(HttpURLConnection.java:3071)
	at org.glassfish.jersey.client.HttpUrlConnector.setOutboundHeaders(HttpUrlConnector.java:374)
	at org.glassfish.jersey.client.HttpUrlConnector.access$100(HttpUrlConnector.java:91)
	at org.glassfish.jersey.client.HttpUrlConnector$4.getOutputStream(HttpUrlConnector.java:325)
	at org.glassfish.jersey.message.internal.CommittingOutputStream.commitStream(CommittingOutputStream.java:200)
	at org.glassfish.jersey.message.internal.CommittingOutputStream.commitStream(CommittingOutputStream.java:194)
	at org.glassfish.jersey.message.internal.CommittingOutputStream.commit(CommittingOutputStream.java:262)
	at org.glassfish.jersey.message.internal.OutboundMessageContext.commitStream(OutboundMessageContext.java:816)
	at org.glassfish.jersey.client.ClientRequest.writeEntity(ClientRequest.java:545)
	at org.glassfish.jersey.client.HttpUrlConnector._apply(HttpUrlConnector.java:329)
	at org.glassfish.jersey.client.HttpUrlConnector.apply(HttpUrlConnector.java:242)
	at org.glassfish.jersey.client.ClientRuntime.invoke(ClientRuntime.java:254)
	... 41 more
... Removed 26 stack frames]]>
    </failure>
  </testcase> <!-- testSetandGetATSUserDetailsVerification -->
  <testcase name="testSetandGetATSUserDetailsVerification" time="0.067" classname="com.myntra.apiTests.portalservices.atsService.TestATSAPISV2">
    <failure type="javax.ws.rs.ProcessingException" message="Already connected">
      <![CDATA[javax.ws.rs.ProcessingException: Already connected
	at org.glassfish.jersey.client.ClientRuntime.invoke(ClientRuntime.java:263)
	at org.glassfish.jersey.client.JerseyInvocation$1.call(JerseyInvocation.java:671)
	at org.glassfish.jersey.client.JerseyInvocation$1.call(JerseyInvocation.java:668)
	at org.glassfish.jersey.internal.Errors.process(Errors.java:315)
	at org.glassfish.jersey.internal.Errors.process(Errors.java:297)
	at org.glassfish.jersey.internal.Errors.process(Errors.java:228)
	at org.glassfish.jersey.process.internal.RequestScope.runInScope(RequestScope.java:444)
	at org.glassfish.jersey.client.JerseyInvocation.invoke(JerseyInvocation.java:668)
	at org.glassfish.jersey.client.JerseyInvocation$Builder.method(JerseyInvocation.java:428)
	at org.glassfish.jersey.client.JerseyInvocation$Builder.post(JerseyInvocation.java:334)
	at com.myntra.lordoftherings.gandalf.RequestGenerator.CollectResponse(RequestGenerator.java:290)
	at com.myntra.lordoftherings.gandalf.RequestGenerator.PostResponse(RequestGenerator.java:194)
	at com.myntra.lordoftherings.gandalf.RequestGenerator.<init>(RequestGenerator.java:136)
	at com.myntra.apiTests.portalservices.idpservice.IDPServiceHelper.performSignUpOperation(IDPServiceHelper.java:67)
	at com.myntra.apiTests.portalservices.atsService.ATSHelper.performSignup(ATSHelper.java:156)
	at com.myntra.apiTests.portalservices.atsService.TestATSAPISV2.testSetandGetATSUserDetailsVerification(TestATSAPISV2.java:52)
Caused by: java.lang.IllegalStateException: Already connected
	at sun.net.www.protocol.http.HttpURLConnection.setRequestProperty(HttpURLConnection.java:3071)
	at org.glassfish.jersey.client.HttpUrlConnector.setOutboundHeaders(HttpUrlConnector.java:374)
	at org.glassfish.jersey.client.HttpUrlConnector.access$100(HttpUrlConnector.java:91)
	at org.glassfish.jersey.client.HttpUrlConnector$4.getOutputStream(HttpUrlConnector.java:325)
	at org.glassfish.jersey.message.internal.CommittingOutputStream.commitStream(CommittingOutputStream.java:200)
	at org.glassfish.jersey.message.internal.CommittingOutputStream.commitStream(CommittingOutputStream.java:194)
	at org.glassfish.jersey.message.internal.CommittingOutputStream.commit(CommittingOutputStream.java:262)
	at org.glassfish.jersey.message.internal.OutboundMessageContext.commitStream(OutboundMessageContext.java:816)
	at org.glassfish.jersey.client.ClientRequest.writeEntity(ClientRequest.java:545)
	at org.glassfish.jersey.client.HttpUrlConnector._apply(HttpUrlConnector.java:329)
	at org.glassfish.jersey.client.HttpUrlConnector.apply(HttpUrlConnector.java:242)
	at org.glassfish.jersey.client.ClientRuntime.invoke(ClientRuntime.java:254)
	... 41 more
... Removed 26 stack frames]]>
    </failure>
  </testcase> <!-- testSetandGetATSUserDetailsVerification -->
  <testcase name="testSetandGetATSUserDetailsVerification" time="0.071" classname="com.myntra.apiTests.portalservices.atsService.TestATSAPISV2">
    <failure type="javax.ws.rs.ProcessingException" message="Already connected">
      <![CDATA[javax.ws.rs.ProcessingException: Already connected
	at org.glassfish.jersey.client.ClientRuntime.invoke(ClientRuntime.java:263)
	at org.glassfish.jersey.client.JerseyInvocation$1.call(JerseyInvocation.java:671)
	at org.glassfish.jersey.client.JerseyInvocation$1.call(JerseyInvocation.java:668)
	at org.glassfish.jersey.internal.Errors.process(Errors.java:315)
	at org.glassfish.jersey.internal.Errors.process(Errors.java:297)
	at org.glassfish.jersey.internal.Errors.process(Errors.java:228)
	at org.glassfish.jersey.process.internal.RequestScope.runInScope(RequestScope.java:444)
	at org.glassfish.jersey.client.JerseyInvocation.invoke(JerseyInvocation.java:668)
	at org.glassfish.jersey.client.JerseyInvocation$Builder.method(JerseyInvocation.java:428)
	at org.glassfish.jersey.client.JerseyInvocation$Builder.post(JerseyInvocation.java:334)
	at com.myntra.lordoftherings.gandalf.RequestGenerator.CollectResponse(RequestGenerator.java:290)
	at com.myntra.lordoftherings.gandalf.RequestGenerator.PostResponse(RequestGenerator.java:194)
	at com.myntra.lordoftherings.gandalf.RequestGenerator.<init>(RequestGenerator.java:136)
	at com.myntra.apiTests.portalservices.idpservice.IDPServiceHelper.performSignUpOperation(IDPServiceHelper.java:67)
	at com.myntra.apiTests.portalservices.atsService.ATSHelper.performSignup(ATSHelper.java:156)
	at com.myntra.apiTests.portalservices.atsService.TestATSAPISV2.testSetandGetATSUserDetailsVerification(TestATSAPISV2.java:52)
Caused by: java.lang.IllegalStateException: Already connected
	at sun.net.www.protocol.http.HttpURLConnection.setRequestProperty(HttpURLConnection.java:3071)
	at org.glassfish.jersey.client.HttpUrlConnector.setOutboundHeaders(HttpUrlConnector.java:374)
	at org.glassfish.jersey.client.HttpUrlConnector.access$100(HttpUrlConnector.java:91)
	at org.glassfish.jersey.client.HttpUrlConnector$4.getOutputStream(HttpUrlConnector.java:325)
	at org.glassfish.jersey.message.internal.CommittingOutputStream.commitStream(CommittingOutputStream.java:200)
	at org.glassfish.jersey.message.internal.CommittingOutputStream.commitStream(CommittingOutputStream.java:194)
	at org.glassfish.jersey.message.internal.CommittingOutputStream.commit(CommittingOutputStream.java:262)
	at org.glassfish.jersey.message.internal.OutboundMessageContext.commitStream(OutboundMessageContext.java:816)
	at org.glassfish.jersey.client.ClientRequest.writeEntity(ClientRequest.java:545)
	at org.glassfish.jersey.client.HttpUrlConnector._apply(HttpUrlConnector.java:329)
	at org.glassfish.jersey.client.HttpUrlConnector.apply(HttpUrlConnector.java:242)
	at org.glassfish.jersey.client.ClientRuntime.invoke(ClientRuntime.java:254)
	... 41 more
... Removed 26 stack frames]]>
    </failure>
  </testcase> <!-- testSetandGetATSUserDetailsVerification -->
</testsuite> <!-- ATSServiceTest -->
