<?xml version="1.0" encoding="UTF-8"?>
<!-- Generated by org.testng.reporters.JUnitXMLReporter -->
<testsuite hostname="myntra-MacBookPro" name="ATSServiceTest" tests="112" failures="19" timestamp="18 May 2018 04:51:35 GMT" time="29.12" errors="0">
  <testcase name="testAddressScoreAPIValidatation" time="0.59" classname="com.myntra.apiTests.portalservices.atsService.TestATSAPISV2"/>
  <testcase name="testAddressScoreAPIValidatation" time="0.07" classname="com.myntra.apiTests.portalservices.atsService.TestATSAPISV2"/>
  <testcase name="testAddressScoreAPIValidatation" time="0.044" classname="com.myntra.apiTests.portalservices.atsService.TestATSAPISV2"/>
  <testcase name="testAddressScoreAPIValidatation" time="0.045" classname="com.myntra.apiTests.portalservices.atsService.TestATSAPISV2"/>
  <testcase name="testAddressScoreAPIValidatation" time="0.04" classname="com.myntra.apiTests.portalservices.atsService.TestATSAPISV2"/>
  <testcase name="testAddressScoreAPIValidatation" time="0.039" classname="com.myntra.apiTests.portalservices.atsService.TestATSAPISV2"/>
  <testcase name="testAddressScoreAPIValidatation" time="0.04" classname="com.myntra.apiTests.portalservices.atsService.TestATSAPISV2"/>
  <testcase name="testAddressScoreAPIValidatation" time="0.039" classname="com.myntra.apiTests.portalservices.atsService.TestATSAPISV2"/>
  <testcase name="testAddressScoreAPIValidatation" time="0.044" classname="com.myntra.apiTests.portalservices.atsService.TestATSAPISV2"/>
  <testcase name="testAddressScoreAPIValidatation" time="0.04" classname="com.myntra.apiTests.portalservices.atsService.TestATSAPISV2"/>
  <testcase name="testSetandGetATSUserDetailsVerification" time="1.12" classname="com.myntra.apiTests.portalservices.atsService.TestATSAPISV2"/>
  <testcase name="testSetandGetATSUserDetailsVerification" time="0.257" classname="com.myntra.apiTests.portalservices.atsService.TestATSAPISV2"/>
  <testcase name="testSetandGetATSUserDetailsVerification" time="0.241" classname="com.myntra.apiTests.portalservices.atsService.TestATSAPISV2"/>
  <testcase name="testSetandGetATSUserDetailsVerification" time="0.252" classname="com.myntra.apiTests.portalservices.atsService.TestATSAPISV2"/>
  <testcase name="testSetandGetATSUserDetailsVerification" time="0.235" classname="com.myntra.apiTests.portalservices.atsService.TestATSAPISV2"/>
  <testcase name="testSetandGetATSUserDetailsVerification" time="0.221" classname="com.myntra.apiTests.portalservices.atsService.TestATSAPISV2"/>
  <testcase name="testSetandGetATSUserDetailsVerification" time="0.414" classname="com.myntra.apiTests.portalservices.atsService.TestATSAPISV2"/>
  <testcase name="testSetandGetATSUserDetailsVerification" time="0.221" classname="com.myntra.apiTests.portalservices.atsService.TestATSAPISV2"/>
  <testcase name="testSetandGetATSUserDetailsVerification" time="0.209" classname="com.myntra.apiTests.portalservices.atsService.TestATSAPISV2"/>
  <testcase name="testSetandGetATSUserDetailsVerification" time="0.211" classname="com.myntra.apiTests.portalservices.atsService.TestATSAPISV2"/>
  <testcase name="testSetandGetATSUserDetailsVerification" time="0.209" classname="com.myntra.apiTests.portalservices.atsService.TestATSAPISV2"/>
  <testcase name="testSetandGetATSUserDetailsVerification" time="0.199" classname="com.myntra.apiTests.portalservices.atsService.TestATSAPISV2"/>
  <testcase name="testSetandGetATSUserDetailsVerification" time="0.192" classname="com.myntra.apiTests.portalservices.atsService.TestATSAPISV2"/>
  <testcase name="testSetandGetATSUserDetailsVerification" time="0.197" classname="com.myntra.apiTests.portalservices.atsService.TestATSAPISV2"/>
  <testcase name="testSetandGetATSUserDetailsVerification" time="0.188" classname="com.myntra.apiTests.portalservices.atsService.TestATSAPISV2"/>
  <testcase name="testSetandGetATSUserDetailsVerification" time="0.209" classname="com.myntra.apiTests.portalservices.atsService.TestATSAPISV2"/>
  <testcase name="testSetandGetATSUserDetailsVerification" time="0.215" classname="com.myntra.apiTests.portalservices.atsService.TestATSAPISV2"/>
  <testcase name="testSetandGetATSUserDetailsVerification" time="0.208" classname="com.myntra.apiTests.portalservices.atsService.TestATSAPISV2"/>
  <testcase name="testSetandGetATSUserDetailsVerification" time="0.208" classname="com.myntra.apiTests.portalservices.atsService.TestATSAPISV2"/>
  <testcase name="testSetandGetATSUserDetailsVerification" time="0.209" classname="com.myntra.apiTests.portalservices.atsService.TestATSAPISV2"/>
  <testcase name="testSetandGetATSUserDetailsVerification" time="0.2" classname="com.myntra.apiTests.portalservices.atsService.TestATSAPISV2"/>
  <testcase name="testSetandGetATSUserDetailsVerification" time="0.263" classname="com.myntra.apiTests.portalservices.atsService.TestATSAPISV2"/>
  <testcase name="testSetandGetATSUserDetailsVerification" time="0.207" classname="com.myntra.apiTests.portalservices.atsService.TestATSAPISV2"/>
  <testcase name="testSetandGetATSUserDetailsVerification" time="0.202" classname="com.myntra.apiTests.portalservices.atsService.TestATSAPISV2"/>
  <testcase name="testSetandGetATSUserDetailsVerification" time="0.221" classname="com.myntra.apiTests.portalservices.atsService.TestATSAPISV2"/>
  <testcase name="testSetandGetATSUserDetailsVerification" time="0.226" classname="com.myntra.apiTests.portalservices.atsService.TestATSAPISV2"/>
  <testcase name="testSetandGetATSUserDetailsVerification" time="0.233" classname="com.myntra.apiTests.portalservices.atsService.TestATSAPISV2"/>
  <testcase name="testSetandGetATSUserDetailsVerification" time="0.268" classname="com.myntra.apiTests.portalservices.atsService.TestATSAPISV2"/>
  <testcase name="testSetandGetATSUserDetailsVerification" time="0.244" classname="com.myntra.apiTests.portalservices.atsService.TestATSAPISV2"/>
  <testcase name="testSetandGetATSUserDetailsVerification" time="0.21" classname="com.myntra.apiTests.portalservices.atsService.TestATSAPISV2"/>
  <testcase name="testSetandGetATSUserDetailsVerification" time="0.203" classname="com.myntra.apiTests.portalservices.atsService.TestATSAPISV2"/>
  <testcase name="testSetandGetATSUserDetailsVerification" time="0.205" classname="com.myntra.apiTests.portalservices.atsService.TestATSAPISV2"/>
  <testcase name="testSetandGetATSUserDetailsVerification" time="0.194" classname="com.myntra.apiTests.portalservices.atsService.TestATSAPISV2"/>
  <testcase name="testSetandGetATSUserDetailsVerification" time="0.192" classname="com.myntra.apiTests.portalservices.atsService.TestATSAPISV2"/>
  <testcase name="testSetandGetATSUserDetailsVerification" time="0.193" classname="com.myntra.apiTests.portalservices.atsService.TestATSAPISV2"/>
  <testcase name="testSetandGetATSUserDetailsVerification" time="0.186" classname="com.myntra.apiTests.portalservices.atsService.TestATSAPISV2"/>
  <testcase name="testSetandGetATSUserDetailsVerification" time="0.243" classname="com.myntra.apiTests.portalservices.atsService.TestATSAPISV2"/>
  <testcase name="testSetandGetATSUserDetailsVerification" time="0.188" classname="com.myntra.apiTests.portalservices.atsService.TestATSAPISV2"/>
  <testcase name="testSetandGetATSUserDetailsVerification" time="0.191" classname="com.myntra.apiTests.portalservices.atsService.TestATSAPISV2"/>
  <testcase name="testSetandGetATSUserDetailsVerification" time="0.191" classname="com.myntra.apiTests.portalservices.atsService.TestATSAPISV2"/>
  <testcase name="testSetandGetATSUserDetailsVerification" time="0.192" classname="com.myntra.apiTests.portalservices.atsService.TestATSAPISV2"/>
  <testcase name="testSetandGetATSUserDetailsVerification" time="0.172" classname="com.myntra.apiTests.portalservices.atsService.TestATSAPISV2"/>
  <testcase name="testSetandGetATSUserDetailsVerification" time="0.19" classname="com.myntra.apiTests.portalservices.atsService.TestATSAPISV2"/>
  <testcase name="testSetandGetATSUserDetailsVerification" time="0.193" classname="com.myntra.apiTests.portalservices.atsService.TestATSAPISV2"/>
  <testcase name="testSetandGetATSUserDetailsVerification" time="0.194" classname="com.myntra.apiTests.portalservices.atsService.TestATSAPISV2"/>
  <testcase name="testSetandGetATSUserDetailsVerification" time="0.204" classname="com.myntra.apiTests.portalservices.atsService.TestATSAPISV2"/>
  <testcase name="testSetandGetATSUserDetailsVerification" time="0.206" classname="com.myntra.apiTests.portalservices.atsService.TestATSAPISV2"/>
  <testcase name="testSetandGetATSUserDetailsVerification" time="0.205" classname="com.myntra.apiTests.portalservices.atsService.TestATSAPISV2"/>
  <testcase name="testSetandGetATSUserDetailsVerification" time="0.251" classname="com.myntra.apiTests.portalservices.atsService.TestATSAPISV2"/>
  <testcase name="testSetandGetATSUserDetailsVerification" time="0.197" classname="com.myntra.apiTests.portalservices.atsService.TestATSAPISV2"/>
  <testcase name="testSetandGetATSUserDetailsVerification" time="0.204" classname="com.myntra.apiTests.portalservices.atsService.TestATSAPISV2"/>
  <testcase name="testSetandGetATSUserDetailsVerification" time="0.225" classname="com.myntra.apiTests.portalservices.atsService.TestATSAPISV2"/>
  <testcase name="testSetandGetATSUserDetailsVerification" time="0.21" classname="com.myntra.apiTests.portalservices.atsService.TestATSAPISV2"/>
  <testcase name="testSetandGetATSUserDetailsVerification" time="0.215" classname="com.myntra.apiTests.portalservices.atsService.TestATSAPISV2"/>
  <testcase name="testSetandGetATSUserDetailsVerification" time="0.194" classname="com.myntra.apiTests.portalservices.atsService.TestATSAPISV2"/>
  <testcase name="testSetandGetATSUserDetailsVerification" time="0.184" classname="com.myntra.apiTests.portalservices.atsService.TestATSAPISV2"/>
  <testcase name="testSetandGetATSUserDetailsVerification" time="0.203" classname="com.myntra.apiTests.portalservices.atsService.TestATSAPISV2"/>
  <testcase name="testSetandGetATSUserDetailsVerification" time="0.182" classname="com.myntra.apiTests.portalservices.atsService.TestATSAPISV2"/>
  <testcase name="testSetandGetATSUserDetailsVerification" time="0.19" classname="com.myntra.apiTests.portalservices.atsService.TestATSAPISV2"/>
  <testcase name="testSetandGetATSUserDetailsVerification" time="0.191" classname="com.myntra.apiTests.portalservices.atsService.TestATSAPISV2"/>
  <testcase name="testSetandGetATSUserDetailsVerification" time="0.186" classname="com.myntra.apiTests.portalservices.atsService.TestATSAPISV2"/>
  <testcase name="testSetandGetATSUserDetailsVerification" time="0.196" classname="com.myntra.apiTests.portalservices.atsService.TestATSAPISV2"/>
  <testcase name="testSetandGetATSUserDetailsVerification" time="0.194" classname="com.myntra.apiTests.portalservices.atsService.TestATSAPISV2"/>
  <testcase name="testSetandGetATSUserOpenOrdersValue" time="0.298" classname="com.myntra.apiTests.portalservices.atsService.TestATSAPISV2"/>
  <testcase name="testSetandGetATSUserOpenOrdersValue" time="0.249" classname="com.myntra.apiTests.portalservices.atsService.TestATSAPISV2"/>
  <testcase name="testPostandGetOutstandingCODLimit" time="0.286" classname="com.myntra.apiTests.portalservices.atsService.TestATSAPISV2"/>
  <testcase name="testPostandGetOutstandingCODLimit" time="0.22" classname="com.myntra.apiTests.portalservices.atsService.TestATSAPISV2"/>
  <testcase name="testPostandGetOutstandingCODLimit" time="0.208" classname="com.myntra.apiTests.portalservices.atsService.TestATSAPISV2"/>
  <testcase name="testPostandGetOutstandingCODLimit" time="0.183" classname="com.myntra.apiTests.portalservices.atsService.TestATSAPISV2"/>
  <testcase name="testPostandGetOutstandingCODLimit" time="0.229" classname="com.myntra.apiTests.portalservices.atsService.TestATSAPISV2"/>
  <testcase name="testPostandGetOutstandingCODLimit" time="0.209" classname="com.myntra.apiTests.portalservices.atsService.TestATSAPISV2"/>
  <testcase name="testPostandGetOutstandingCODLimit" time="0.2" classname="com.myntra.apiTests.portalservices.atsService.TestATSAPISV2"/>
  <testcase name="testPostandGetOutstandingCODLimit" time="0.247" classname="com.myntra.apiTests.portalservices.atsService.TestATSAPISV2"/>
  <testcase name="testPutandGetReturnAbuserDetails" time="0.384" classname="com.myntra.apiTests.portalservices.atsService.TestATSAPISV2"/>
  <testcase name="testPutandGetReturnAbuserDetails" time="0.218" classname="com.myntra.apiTests.portalservices.atsService.TestATSAPISV2"/>
  <testcase name="testPutandGetFakeEmailDetails" time="0.282" classname="com.myntra.apiTests.portalservices.atsService.TestATSAPISV2"/>
  <testcase name="testPutandGetFakeEmailDetails" time="0.213" classname="com.myntra.apiTests.portalservices.atsService.TestATSAPISV2"/>
  <testcase name="testPutandGetLinkedPhone" time="2.812" classname="com.myntra.apiTests.portalservices.atsService.TestATSAPISV2"/>
  <testcase name="testPutandGetLinkedEmail" time="2.662" classname="com.myntra.apiTests.portalservices.atsService.TestATSAPISV2"/>
  <testcase name="testPutandGetIsCustomerBlocked" time="0.436" classname="com.myntra.apiTests.portalservices.atsService.TestATSAPISV2"/>
  <testcase name="testPutandGetBlockedCustomerByLogin" time="0.456" classname="com.myntra.apiTests.portalservices.atsService.TestATSAPISV2"/>
  <testcase name="testPutandGetBlockedCustomerByPhone" time="0.412" classname="com.myntra.apiTests.portalservices.atsService.TestATSAPISV2"/>
  <testcase name="testPutandGetBlockedCustomerByDevice" time="0.394" classname="com.myntra.apiTests.portalservices.atsService.TestATSAPISV2"/>
  <testcase name="testGetATSDetailsWithoutClientID" time="0.221" classname="com.myntra.apiTests.portalservices.atsService.TestATSAPISV2">
    <failure type="java.lang.AssertionError" message="expected [400] but found [200]">
      <![CDATA[java.lang.AssertionError: expected [400] but found [200]
	at com.myntra.apiTests.portalservices.atsService.TestATSAPISV2.testGetATSDetailsWithoutClientID(TestATSAPISV2.java:252)
... Removed 33 stack frames]]>
    </failure>
  </testcase> <!-- testGetATSDetailsWithoutClientID -->
  <testcase name="testPostATSDetailsWithoutClientID" time="0.241" classname="com.myntra.apiTests.portalservices.atsService.TestATSAPISV2">
    <failure type="java.lang.AssertionError" message="expected [400] but found [200]">
      <![CDATA[java.lang.AssertionError: expected [400] but found [200]
	at com.myntra.apiTests.portalservices.atsService.TestATSAPISV2.testPostATSDetailsWithoutClientID(TestATSAPISV2.java:261)
... Removed 33 stack frames]]>
    </failure>
  </testcase> <!-- testPostATSDetailsWithoutClientID -->
  <testcase name="testGetOutstandingCODLimitWithoutClientID" time="0.281" classname="com.myntra.apiTests.portalservices.atsService.TestATSAPISV2">
    <failure type="java.lang.AssertionError" message="expected [400] but found [200]">
      <![CDATA[java.lang.AssertionError: expected [400] but found [200]
	at com.myntra.apiTests.portalservices.atsService.TestATSAPISV2.testGetOutstandingCODLimitWithoutClientID(TestATSAPISV2.java:270)
... Removed 33 stack frames]]>
    </failure>
  </testcase> <!-- testGetOutstandingCODLimitWithoutClientID -->
  <testcase name="testGetOpenOrdersValueWithoutClientID" time="0.165" classname="com.myntra.apiTests.portalservices.atsService.TestATSAPISV2">
    <failure type="java.lang.AssertionError" message="expected [400] but found [200]">
      <![CDATA[java.lang.AssertionError: expected [400] but found [200]
	at com.myntra.apiTests.portalservices.atsService.TestATSAPISV2.testGetOpenOrdersValueWithoutClientID(TestATSAPISV2.java:278)
... Removed 33 stack frames]]>
    </failure>
  </testcase> <!-- testGetOpenOrdersValueWithoutClientID -->
  <testcase name="testPutOpenOrdersValueWithoutClientID" time="0.171" classname="com.myntra.apiTests.portalservices.atsService.TestATSAPISV2">
    <failure type="java.lang.AssertionError" message="expected [400] but found [200]">
      <![CDATA[java.lang.AssertionError: expected [400] but found [200]
	at com.myntra.apiTests.portalservices.atsService.TestATSAPISV2.testPutOpenOrdersValueWithoutClientID(TestATSAPISV2.java:286)
... Removed 33 stack frames]]>
    </failure>
  </testcase> <!-- testPutOpenOrdersValueWithoutClientID -->
  <testcase name="testGetReturnAbuserWithoutClientID" time="0.23" classname="com.myntra.apiTests.portalservices.atsService.TestATSAPISV2">
    <failure type="java.lang.AssertionError" message="expected [400] but found [200]">
      <![CDATA[java.lang.AssertionError: expected [400] but found [200]
	at com.myntra.apiTests.portalservices.atsService.TestATSAPISV2.testGetReturnAbuserWithoutClientID(TestATSAPISV2.java:294)
... Removed 33 stack frames]]>
    </failure>
  </testcase> <!-- testGetReturnAbuserWithoutClientID -->
  <testcase name="testPutReturnAbuserWithoutClientID" time="0.393" classname="com.myntra.apiTests.portalservices.atsService.TestATSAPISV2">
    <failure type="java.lang.AssertionError" message="expected [400] but found [200]">
      <![CDATA[java.lang.AssertionError: expected [400] but found [200]
	at com.myntra.apiTests.portalservices.atsService.TestATSAPISV2.testPutReturnAbuserWithoutClientID(TestATSAPISV2.java:302)
... Removed 33 stack frames]]>
    </failure>
  </testcase> <!-- testPutReturnAbuserWithoutClientID -->
  <testcase name="testGetBlockedCustomerByLoginWithoutClientID" time="0.232" classname="com.myntra.apiTests.portalservices.atsService.TestATSAPISV2">
    <failure type="java.lang.AssertionError" message="expected [400] but found [200]">
      <![CDATA[java.lang.AssertionError: expected [400] but found [200]
	at com.myntra.apiTests.portalservices.atsService.TestATSAPISV2.testGetBlockedCustomerByLoginWithoutClientID(TestATSAPISV2.java:311)
... Removed 33 stack frames]]>
    </failure>
  </testcase> <!-- testGetBlockedCustomerByLoginWithoutClientID -->
  <testcase name="testGetBlockedCustomerByPhoneWithoutClientID" time="0.043" classname="com.myntra.apiTests.portalservices.atsService.TestATSAPISV2">
    <failure type="java.lang.AssertionError" message="expected [400] but found [200]">
      <![CDATA[java.lang.AssertionError: expected [400] but found [200]
	at com.myntra.apiTests.portalservices.atsService.TestATSAPISV2.testGetBlockedCustomerByPhoneWithoutClientID(TestATSAPISV2.java:318)
... Removed 33 stack frames]]>
    </failure>
  </testcase> <!-- testGetBlockedCustomerByPhoneWithoutClientID -->
  <testcase name="testGetBlockedCustomerByDeviceIDWithoutClientID" time="0.035" classname="com.myntra.apiTests.portalservices.atsService.TestATSAPISV2">
    <failure type="java.lang.AssertionError" message="expected [400] but found [200]">
      <![CDATA[java.lang.AssertionError: expected [400] but found [200]
	at com.myntra.apiTests.portalservices.atsService.TestATSAPISV2.testGetBlockedCustomerByDeviceIDWithoutClientID(TestATSAPISV2.java:325)
... Removed 33 stack frames]]>
    </failure>
  </testcase> <!-- testGetBlockedCustomerByDeviceIDWithoutClientID -->
  <testcase name="testIsCustomerBlockedWithoutClientID" time="0.29" classname="com.myntra.apiTests.portalservices.atsService.TestATSAPISV2">
    <failure type="java.lang.AssertionError" message="expected [400] but found [200]">
      <![CDATA[java.lang.AssertionError: expected [400] but found [200]
	at com.myntra.apiTests.portalservices.atsService.TestATSAPISV2.testIsCustomerBlockedWithoutClientID(TestATSAPISV2.java:333)
... Removed 33 stack frames]]>
    </failure>
  </testcase> <!-- testIsCustomerBlockedWithoutClientID -->
  <testcase name="testPutCustomerBlockedWithoutClientID" time="0.036" classname="com.myntra.apiTests.portalservices.atsService.TestATSAPISV2">
    <failure type="java.lang.AssertionError" message="expected [400] but found [200]">
      <![CDATA[java.lang.AssertionError: expected [400] but found [200]
	at com.myntra.apiTests.portalservices.atsService.TestATSAPISV2.testPutCustomerBlockedWithoutClientID(TestATSAPISV2.java:340)
... Removed 33 stack frames]]>
    </failure>
  </testcase> <!-- testPutCustomerBlockedWithoutClientID -->
  <testcase name="testGetLinkedAccbyEmailWithoutClientID" time="0.062" classname="com.myntra.apiTests.portalservices.atsService.TestATSAPISV2">
    <failure type="java.lang.AssertionError" message="expected [400] but found [200]">
      <![CDATA[java.lang.AssertionError: expected [400] but found [200]
	at com.myntra.apiTests.portalservices.atsService.TestATSAPISV2.testGetLinkedAccbyEmailWithoutClientID(TestATSAPISV2.java:347)
... Removed 33 stack frames]]>
    </failure>
  </testcase> <!-- testGetLinkedAccbyEmailWithoutClientID -->
  <testcase name="testGetLinkedAccbyDeviceWithoutClientID" time="0.052" classname="com.myntra.apiTests.portalservices.atsService.TestATSAPISV2">
    <failure type="java.lang.AssertionError" message="expected [400] but found [200]">
      <![CDATA[java.lang.AssertionError: expected [400] but found [200]
	at com.myntra.apiTests.portalservices.atsService.TestATSAPISV2.testGetLinkedAccbyDeviceWithoutClientID(TestATSAPISV2.java:353)
... Removed 33 stack frames]]>
    </failure>
  </testcase> <!-- testGetLinkedAccbyDeviceWithoutClientID -->
  <testcase name="testGetLinkedAccbyPhoneWithoutClientID" time="0.038" classname="com.myntra.apiTests.portalservices.atsService.TestATSAPISV2">
    <failure type="java.lang.AssertionError" message="expected [400] but found [200]">
      <![CDATA[java.lang.AssertionError: expected [400] but found [200]
	at com.myntra.apiTests.portalservices.atsService.TestATSAPISV2.testGetLinkedAccbyPhoneWithoutClientID(TestATSAPISV2.java:359)
... Removed 33 stack frames]]>
    </failure>
  </testcase> <!-- testGetLinkedAccbyPhoneWithoutClientID -->
  <testcase name="testPutLinkedAccbyPhoneWithoutClientID" time="0.235" classname="com.myntra.apiTests.portalservices.atsService.TestATSAPISV2">
    <failure type="java.lang.AssertionError" message="expected [400] but found [200]">
      <![CDATA[java.lang.AssertionError: expected [400] but found [200]
	at com.myntra.apiTests.portalservices.atsService.TestATSAPISV2.testPutLinkedAccbyPhoneWithoutClientID(TestATSAPISV2.java:367)
... Removed 33 stack frames]]>
    </failure>
  </testcase> <!-- testPutLinkedAccbyPhoneWithoutClientID -->
  <testcase name="testGetFakeEmailWithoutClientID" time="0.262" classname="com.myntra.apiTests.portalservices.atsService.TestATSAPISV2">
    <failure type="java.lang.AssertionError" message="expected [400] but found [200]">
      <![CDATA[java.lang.AssertionError: expected [400] but found [200]
	at com.myntra.apiTests.portalservices.atsService.TestATSAPISV2.testGetFakeEmailWithoutClientID(TestATSAPISV2.java:375)
... Removed 33 stack frames]]>
    </failure>
  </testcase> <!-- testGetFakeEmailWithoutClientID -->
  <testcase name="testPutFakeEmailWithoutClientID" time="0.166" classname="com.myntra.apiTests.portalservices.atsService.TestATSAPISV2">
    <failure type="java.lang.AssertionError" message="expected [400] but found [200]">
      <![CDATA[java.lang.AssertionError: expected [400] but found [200]
	at com.myntra.apiTests.portalservices.atsService.TestATSAPISV2.testPutFakeEmailWithoutClientID(TestATSAPISV2.java:383)
... Removed 33 stack frames]]>
    </failure>
  </testcase> <!-- testPutFakeEmailWithoutClientID -->
  <testcase name="testAddressScoreWithoutClientID" time="0.043" classname="com.myntra.apiTests.portalservices.atsService.TestATSAPISV2">
    <failure type="java.lang.AssertionError" message="expected [400] but found [200]">
      <![CDATA[java.lang.AssertionError: expected [400] but found [200]
	at com.myntra.apiTests.portalservices.atsService.TestATSAPISV2.testAddressScoreWithoutClientID(TestATSAPISV2.java:390)
... Removed 33 stack frames]]>
    </failure>
  </testcase> <!-- testAddressScoreWithoutClientID -->
</testsuite> <!-- ATSServiceTest -->
