<?xml version="1.0" encoding="UTF-8"?>
<!-- Generated by org.testng.reporters.JUnitXMLReporter -->
<testsuite hostname="myntra-MacBookPro" name="ATSServiceTest" tests="10" failures="0" timestamp="17 May 2018 09:33:13 GMT" time="1.976" errors="0">
  <testcase name="testAddressScoreAPIValidatation" time="0.939" classname="com.myntra.apiTests.portalservices.atsService.TestATSAPISV2"/>
  <testcase name="testAddressScoreAPIValidatation" time="0.073" classname="com.myntra.apiTests.portalservices.atsService.TestATSAPISV2"/>
  <testcase name="testAddressScoreAPIValidatation" time="0.099" classname="com.myntra.apiTests.portalservices.atsService.TestATSAPISV2"/>
  <testcase name="testAddressScoreAPIValidatation" time="0.101" classname="com.myntra.apiTests.portalservices.atsService.TestATSAPISV2"/>
  <testcase name="testAddressScoreAPIValidatation" time="0.128" classname="com.myntra.apiTests.portalservices.atsService.TestATSAPISV2"/>
  <testcase name="testAddressScoreAPIValidatation" time="0.117" classname="com.myntra.apiTests.portalservices.atsService.TestATSAPISV2"/>
  <testcase name="testAddressScoreAPIValidatation" time="0.11" classname="com.myntra.apiTests.portalservices.atsService.TestATSAPISV2"/>
  <testcase name="testAddressScoreAPIValidatation" time="0.101" classname="com.myntra.apiTests.portalservices.atsService.TestATSAPISV2"/>
  <testcase name="testAddressScoreAPIValidatation" time="0.09" classname="com.myntra.apiTests.portalservices.atsService.TestATSAPISV2"/>
  <testcase name="testAddressScoreAPIValidatation" time="0.149" classname="com.myntra.apiTests.portalservices.atsService.TestATSAPISV2"/>
</testsuite> <!-- ATSServiceTest -->
