<?xml version="1.0" encoding="UTF-8"?>
<testsuite name="TestSuite" time="0.716" tests="10" errors="0" skipped="0" failures="10">
  <properties>
[...]
</properties>
  <testcase name="testAddressScoreAPIValidatation" classname="com.myntra.apiTests.portalservices.atsService.TestATSAPISV2" time="0.655">
    <failure message="Error calling Put request " type="java.lang.RuntimeException">java.lang.RuntimeException: Error calling Put request 
	at java.net.Inet6AddressImpl.lookupAllHostAddr(Native Method)
	at java.net.InetAddress$2.lookupAllHostAddr(InetAddress.java:928)
	at java.net.InetAddress.getAddressesFromNameService(InetAddress.java:1323)
	at java.net.InetAddress.getAllByName0(InetAddress.java:1276)
	at java.net.InetAddress.getAllByName(InetAddress.java:1192)
	at java.net.InetAddress.getAllByName(InetAddress.java:1126)
	at org.apache.http.impl.conn.SystemDefaultDnsResolver.resolve(SystemDefaultDnsResolver.java:45)
	at org.apache.http.impl.conn.DefaultHttpClientConnectionOperator.connect(DefaultHttpClientConnectionOperator.java:112)
	at org.apache.http.impl.conn.PoolingHttpClientConnectionManager.connect(PoolingHttpClientConnectionManager.java:359)
	at org.apache.http.impl.execchain.MainClientExec.establishRoute(MainClientExec.java:381)
	at org.apache.http.impl.execchain.MainClientExec.execute(MainClientExec.java:237)
	at org.apache.http.impl.execchain.ProtocolExec.execute(ProtocolExec.java:185)
	at org.apache.http.impl.execchain.RetryExec.execute(RetryExec.java:89)
	at org.apache.http.impl.execchain.RedirectExec.execute(RedirectExec.java:111)
	at org.apache.http.impl.client.InternalHttpClient.doExecute(InternalHttpClient.java:185)
	at org.apache.http.impl.client.CloseableHttpClient.execute(CloseableHttpClient.java:83)
	at com.myntra.test.commons.service.impl.BaseSvcImpl.put(BaseSvcImpl.java:476)
	at com.myntra.test.commons.service.HttpExecutorService.executeHttpService(HttpExecutorService.java:49)
	at com.myntra.apiTests.portalservices.atsService.ATSHelperV2.getATSAddresscore(ATSHelperV2.java:102)
	at com.myntra.apiTests.portalservices.atsService.TestATSAPISV2.testAddressScoreAPIValidatation(TestATSAPISV2.java:33)
</failure>
    <system-out><![CDATA[[TestNGContentHandler] [WARN] It is strongly recommended to add "<!DOCTYPE suite SYSTEM "http://testng.org/testng-1.0.dtd" >" at the top of your file, otherwise TestNG may fail or not work as expected.
2018-05-17 15:50:08 [main] INFO  Initialize:33 - /Data/configuration
Current dir With Config Path/home/myntra/Desktop/apiAutomation/apiTests-1/apiTests//Data/configuration
2018-05-17 15:50:08 [main] INFO  PropertyReader:68 - properties file used for framework initialize is :/home/myntra/Desktop/apiAutomation/apiTests-1/apiTests//Data/configuration/testsettings.properties
Getting Env Details for Jenkinsnull
ReturnValue==mjint
testenv = mjint
2018-05-17 15:50:08 [main] INFO  Configuration:359 - Portal Home : http://mjint.myntra.com
2018-05-17 15:50:08 [main] INFO  TestEnvironmentDetails:14 - This is the info log from TestEnvironmentDetails
2018-05-17 15:50:08 [main] INFO  Initialize:33 - /Data/configuration
Current dir With Config Path/home/myntra/Desktop/apiAutomation/apiTests-1/apiTests//Data/configuration
2018-05-17 15:50:08 [main] INFO  PropertyReader:68 - properties file used for framework initialize is :/home/myntra/Desktop/apiAutomation/apiTests-1/apiTests//Data/configuration/testsettings.properties
Getting Env Details for Jenkinsnull
ReturnValue==mjint
testenv = mjint
2018-05-17 15:50:08 [main] INFO  Configuration:359 - Portal Home : http://mjint.myntra.com
2018-05-17 15:50:08 [main] INFO  TestEnvironmentDetails:14 - This is the info log from TestEnvironmentDetails
2018-05-17 15:50:08 [main] INFO  Initialize:33 - /Data/configuration
Current dir With Config Path/home/myntra/Desktop/apiAutomation/apiTests-1/apiTests//Data/configuration
2018-05-17 15:50:08 [main] INFO  PropertyReader:68 - properties file used for framework initialize is :/home/myntra/Desktop/apiAutomation/apiTests-1/apiTests//Data/configuration/testsettings.properties
Getting Env Details for Jenkinsnull
ReturnValue==mjint
testenv = mjint
2018-05-17 15:50:09 [main] INFO  Configuration:359 - Portal Home : http://mjint.myntra.com
2018-05-17 15:50:09 [main] INFO  TestEnvironmentDetails:14 - This is the info log from TestEnvironmentDetails
2018-05-17 15:50:09 [main] INFO  Initialize:33 - /Data/configuration
Current dir With Config Path/home/myntra/Desktop/apiAutomation/apiTests-1/apiTests//Data/configuration
2018-05-17 15:50:09 [main] INFO  PropertyReader:68 - properties file used for framework initialize is :/home/myntra/Desktop/apiAutomation/apiTests-1/apiTests//Data/configuration/testsettings.properties
Getting Env Details for Jenkinsnull
ReturnValue==mjint
testenv = mjint
2018-05-17 15:50:09 [main] INFO  Configuration:359 - Portal Home : http://mjint.myntra.com
2018-05-17 15:50:09 [main] INFO  TestEnvironmentDetails:14 - This is the info log from TestEnvironmentDetails
2018-05-17 15:50:09 [main] INFO  Initialize:33 - /Data/configuration
Current dir With Config Path/home/myntra/Desktop/apiAutomation/apiTests-1/apiTests//Data/configuration
2018-05-17 15:50:09 [main] INFO  PropertyReader:68 - properties file used for framework initialize is :/home/myntra/Desktop/apiAutomation/apiTests-1/apiTests//Data/configuration/testsettings.properties
Getting Env Details for Jenkinsnull
ReturnValue==mjint
testenv = mjint
2018-05-17 15:50:09 [main] INFO  Configuration:359 - Portal Home : http://mjint.myntra.com
2018-05-17 15:50:09 [main] INFO  TestEnvironmentDetails:14 - This is the info log from TestEnvironmentDetails
2018-05-17 15:50:09 [main] INFO  Initialize:33 - /Data/configuration
Current dir With Config Path/home/myntra/Desktop/apiAutomation/apiTests-1/apiTests//Data/configuration
2018-05-17 15:50:09 [main] INFO  PropertyReader:68 - properties file used for framework initialize is :/home/myntra/Desktop/apiAutomation/apiTests-1/apiTests//Data/configuration/testsettings.properties
Getting Env Details for Jenkinsnull
ReturnValue==mjint
testenv = mjint
2018-05-17 15:50:09 [main] INFO  Configuration:359 - Portal Home : http://mjint.myntra.com
2018-05-17 15:50:09 [main] INFO  TestEnvironmentDetails:14 - This is the info log from TestEnvironmentDetails
2018-05-17 15:50:09 [main] INFO  Initialize:33 - /Data/configuration
Current dir With Config Path/home/myntra/Desktop/apiAutomation/apiTests-1/apiTests//Data/configuration
2018-05-17 15:50:09 [main] INFO  PropertyReader:68 - properties file used for framework initialize is :/home/myntra/Desktop/apiAutomation/apiTests-1/apiTests//Data/configuration/testsettings.properties
Getting Env Details for Jenkinsnull
ReturnValue==mjint
testenv = mjint
2018-05-17 15:50:09 [main] INFO  Configuration:359 - Portal Home : http://mjint.myntra.com
2018-05-17 15:50:09 [main] INFO  TestEnvironmentDetails:14 - This is the info log from TestEnvironmentDetails
2018-05-17 15:50:09 [main] INFO  Initialize:33 - /Data/configuration
Current dir With Config Path/home/myntra/Desktop/apiAutomation/apiTests-1/apiTests//Data/configuration
2018-05-17 15:50:09 [main] INFO  PropertyReader:68 - properties file used for framework initialize is :/home/myntra/Desktop/apiAutomation/apiTests-1/apiTests//Data/configuration/testsettings.properties
Getting Env Details for Jenkinsnull
ReturnValue==mjint
testenv = mjint
2018-05-17 15:50:09 [main] INFO  Configuration:359 - Portal Home : http://mjint.myntra.com
2018-05-17 15:50:09 [main] INFO  TestEnvironmentDetails:14 - This is the info log from TestEnvironmentDetails
2018-05-17 15:50:09 [main] INFO  Initialize:33 - /Data/configuration
Current dir With Config Path/home/myntra/Desktop/apiAutomation/apiTests-1/apiTests//Data/configuration
2018-05-17 15:50:09 [main] INFO  PropertyReader:68 - properties file used for framework initialize is :/home/myntra/Desktop/apiAutomation/apiTests-1/apiTests//Data/configuration/testsettings.properties
Getting Env Details for Jenkinsnull
ReturnValue==mjint
testenv = mjint
2018-05-17 15:50:09 [main] INFO  Configuration:359 - Portal Home : http://mjint.myntra.com
2018-05-17 15:50:09 [main] INFO  TestEnvironmentDetails:14 - This is the info log from TestEnvironmentDetails
2018-05-17 15:50:09 [main] INFO  Initialize:33 - /Data/configuration
Current dir With Config Path/home/myntra/Desktop/apiAutomation/apiTests-1/apiTests//Data/configuration
2018-05-17 15:50:09 [main] INFO  PropertyReader:68 - properties file used for framework initialize is :/home/myntra/Desktop/apiAutomation/apiTests-1/apiTests//Data/configuration/testsettings.properties
Getting Env Details for Jenkinsnull
ReturnValue==mjint
testenv = mjint
2018-05-17 15:50:09 [main] INFO  Configuration:359 - Portal Home : http://mjint.myntra.com
2018-05-17 15:50:09 [main] INFO  TestEnvironmentDetails:14 - This is the info log from TestEnvironmentDetails
2018-05-17 15:50:09 [main] INFO  Initialize:33 - /Data/configuration
Current dir With Config Path/home/myntra/Desktop/apiAutomation/apiTests-1/apiTests//Data/configuration
2018-05-17 15:50:09 [main] INFO  PropertyReader:68 - properties file used for framework initialize is :/home/myntra/Desktop/apiAutomation/apiTests-1/apiTests//Data/configuration/testsettings.properties
Getting Env Details for Jenkinsnull
ReturnValue==mjint
testenv = mjint
2018-05-17 15:50:09 [main] INFO  Configuration:359 - Portal Home : http://mjint.myntra.com
2018-05-17 15:50:09 [main] INFO  TestEnvironmentDetails:14 - This is the info log from TestEnvironmentDetails
2018-05-17 15:50:09 [main] INFO  Initialize:33 - /Data/configuration
Current dir With Config Path/home/myntra/Desktop/apiAutomation/apiTests-1/apiTests//Data/configuration
2018-05-17 15:50:09 [main] INFO  PropertyReader:68 - properties file used for framework initialize is :/home/myntra/Desktop/apiAutomation/apiTests-1/apiTests//Data/configuration/testsettings.properties
Getting Env Details for Jenkinsnull
ReturnValue==mjint
testenv = mjint
2018-05-17 15:50:09 [main] INFO  Configuration:359 - Portal Home : http://mjint.myntra.com
2018-05-17 15:50:09 [main] INFO  TestEnvironmentDetails:14 - This is the info log from TestEnvironmentDetails
2018-05-17 15:50:09 [main] INFO  Initialize:33 - Data/configuration
Current dir With Config Path/home/myntra/Desktop/apiAutomation/apiTests-1/apiTests/Data/configuration
2018-05-17 15:50:09 [main] INFO  PropertyReader:68 - properties file used for framework initialize is :/home/myntra/Desktop/apiAutomation/apiTests-1/apiTests/Data/configuration/testsettings.properties
Getting Env Details for Jenkinsnull
ReturnValue==mjint
testenv = mjint
2018-05-17 15:50:09 [main] INFO  Configuration:359 - Portal Home : http://mjint.myntra.com
2018-05-17 15:50:09 [main] INFO  TestEnvironmentDetails:14 - This is the info log from TestEnvironmentDetails
2018-05-17 15:50:10 [main] INFO  Setup:68 - Current Directory
2018-05-17 15:50:10 [main] DEBUG Setup:42 - Environment URL is: file:////home/myntra/Desktop/apiAutomation/apiTests-1/apiTests/Data/configuration/mjint/environment.xml
2018-05-17 15:50:11 [main] INFO  Initialize:33 - Data/configuration
Current dir With Config Path/home/myntra/Desktop/apiAutomation/apiTests-1/apiTests/Data/configuration
2018-05-17 15:50:11 [main] INFO  PropertyReader:68 - properties file used for framework initialize is :/home/myntra/Desktop/apiAutomation/apiTests-1/apiTests/Data/configuration/testsettings.properties
Getting Env Details for Jenkinsnull
ReturnValue==mjint
testenv = mjint
2018-05-17 15:50:11 [main] INFO  Configuration:359 - Portal Home : http://mjint.myntra.com
2018-05-17 15:50:11 [main] INFO  TestEnvironmentDetails:14 - This is the info log from TestEnvironmentDetails
Getting Env Details for Jenkinsnull
ReturnValue==mjint
testenv = mjint
2018-05-17 15:50:11 [main] INFO  Toolbox:74 - Begining reading file './Data/payloads/JSON/ats/putaddresscore'
isV2TestCase: false
version: v1
tenantId: myntra
2018-05-17 15:50:11 [main] DEBUG DBValidator:57 - Passed Headers:  {Accept=Application/json, Content-Type=Application/json}
2018-05-17 15:50:11 [main] DEBUG BaseSvcImpl:455 - URI http://ats.mjint.myntra.com/myntra-ats-service/address/getscore
]]></system-out>
    <system-err><![CDATA[SLF4J: Class path contains multiple SLF4J bindings.
SLF4J: Found binding in [jar:file:/home/myntra/.m2/repository/org/apache/logging/log4j/log4j-slf4j-impl/2.1/log4j-slf4j-impl-2.1.jar!/org/slf4j/impl/StaticLoggerBinder.class]
SLF4J: Found binding in [jar:file:/home/myntra/.m2/repository/ch/qos/logback/logback-classic/1.1.3/logback-classic-1.1.3.jar!/org/slf4j/impl/StaticLoggerBinder.class]
SLF4J: Found binding in [jar:file:/home/myntra/.m2/repository/org/slf4j/slf4j-log4j12/1.7.7/slf4j-log4j12-1.7.7.jar!/org/slf4j/impl/StaticLoggerBinder.class]
SLF4J: Found binding in [jar:file:/home/myntra/.m2/repository/org/slf4j/slf4j-simple/1.7.21/slf4j-simple-1.7.21.jar!/org/slf4j/impl/StaticLoggerBinder.class]
SLF4J: See http://www.slf4j.org/codes.html#multiple_bindings for an explanation.
SLF4J: Actual binding is of type [org.apache.logging.slf4j.Log4jLoggerFactory]
]]></system-err>
  </testcase>
  <testcase name="testAddressScoreAPIValidatation" classname="com.myntra.apiTests.portalservices.atsService.TestATSAPISV2" time="0.005">
    <failure message="Error calling Put request " type="java.lang.RuntimeException">java.lang.RuntimeException: Error calling Put request 
	at java.net.InetAddress.getAllByName0(InetAddress.java:1280)
	at java.net.InetAddress.getAllByName(InetAddress.java:1192)
	at java.net.InetAddress.getAllByName(InetAddress.java:1126)
	at org.apache.http.impl.conn.SystemDefaultDnsResolver.resolve(SystemDefaultDnsResolver.java:45)
	at org.apache.http.impl.conn.DefaultHttpClientConnectionOperator.connect(DefaultHttpClientConnectionOperator.java:112)
	at org.apache.http.impl.conn.PoolingHttpClientConnectionManager.connect(PoolingHttpClientConnectionManager.java:359)
	at org.apache.http.impl.execchain.MainClientExec.establishRoute(MainClientExec.java:381)
	at org.apache.http.impl.execchain.MainClientExec.execute(MainClientExec.java:237)
	at org.apache.http.impl.execchain.ProtocolExec.execute(ProtocolExec.java:185)
	at org.apache.http.impl.execchain.RetryExec.execute(RetryExec.java:89)
	at org.apache.http.impl.execchain.RedirectExec.execute(RedirectExec.java:111)
	at org.apache.http.impl.client.InternalHttpClient.doExecute(InternalHttpClient.java:185)
	at org.apache.http.impl.client.CloseableHttpClient.execute(CloseableHttpClient.java:83)
	at com.myntra.test.commons.service.impl.BaseSvcImpl.put(BaseSvcImpl.java:476)
	at com.myntra.test.commons.service.HttpExecutorService.executeHttpService(HttpExecutorService.java:49)
	at com.myntra.apiTests.portalservices.atsService.ATSHelperV2.getATSAddresscore(ATSHelperV2.java:102)
	at com.myntra.apiTests.portalservices.atsService.TestATSAPISV2.testAddressScoreAPIValidatation(TestATSAPISV2.java:33)
</failure>
    <system-out><![CDATA[2018-05-17 15:50:12 [main] INFO  Toolbox:74 - Begining reading file './Data/payloads/JSON/ats/putaddresscore'
isV2TestCase: false
version: v1
tenantId: myntra
2018-05-17 15:50:12 [main] DEBUG DBValidator:57 - Passed Headers:  {Accept=Application/json, Content-Type=Application/json}
2018-05-17 15:50:12 [main] DEBUG BaseSvcImpl:455 - URI http://ats.mjint.myntra.com/myntra-ats-service/address/getscore
]]></system-out>
  </testcase>
  <testcase name="testAddressScoreAPIValidatation" classname="com.myntra.apiTests.portalservices.atsService.TestATSAPISV2" time="0.006">
    <failure message="Error calling Put request " type="java.lang.RuntimeException">java.lang.RuntimeException: Error calling Put request 
	at java.net.InetAddress.getAllByName0(InetAddress.java:1280)
	at java.net.InetAddress.getAllByName(InetAddress.java:1192)
	at java.net.InetAddress.getAllByName(InetAddress.java:1126)
	at org.apache.http.impl.conn.SystemDefaultDnsResolver.resolve(SystemDefaultDnsResolver.java:45)
	at org.apache.http.impl.conn.DefaultHttpClientConnectionOperator.connect(DefaultHttpClientConnectionOperator.java:112)
	at org.apache.http.impl.conn.PoolingHttpClientConnectionManager.connect(PoolingHttpClientConnectionManager.java:359)
	at org.apache.http.impl.execchain.MainClientExec.establishRoute(MainClientExec.java:381)
	at org.apache.http.impl.execchain.MainClientExec.execute(MainClientExec.java:237)
	at org.apache.http.impl.execchain.ProtocolExec.execute(ProtocolExec.java:185)
	at org.apache.http.impl.execchain.RetryExec.execute(RetryExec.java:89)
	at org.apache.http.impl.execchain.RedirectExec.execute(RedirectExec.java:111)
	at org.apache.http.impl.client.InternalHttpClient.doExecute(InternalHttpClient.java:185)
	at org.apache.http.impl.client.CloseableHttpClient.execute(CloseableHttpClient.java:83)
	at com.myntra.test.commons.service.impl.BaseSvcImpl.put(BaseSvcImpl.java:476)
	at com.myntra.test.commons.service.HttpExecutorService.executeHttpService(HttpExecutorService.java:49)
	at com.myntra.apiTests.portalservices.atsService.ATSHelperV2.getATSAddresscore(ATSHelperV2.java:102)
	at com.myntra.apiTests.portalservices.atsService.TestATSAPISV2.testAddressScoreAPIValidatation(TestATSAPISV2.java:33)
</failure>
    <system-out><![CDATA[2018-05-17 15:50:12 [main] INFO  Toolbox:74 - Begining reading file './Data/payloads/JSON/ats/putaddresscore'
isV2TestCase: false
version: v1
tenantId: myntra
2018-05-17 15:50:12 [main] DEBUG DBValidator:57 - Passed Headers:  {Accept=Application/json, Content-Type=Application/json}
2018-05-17 15:50:12 [main] DEBUG BaseSvcImpl:455 - URI http://ats.mjint.myntra.com/myntra-ats-service/address/getscore
]]></system-out>
  </testcase>
  <testcase name="testAddressScoreAPIValidatation" classname="com.myntra.apiTests.portalservices.atsService.TestATSAPISV2" time="0.005">
    <failure message="Error calling Put request " type="java.lang.RuntimeException">java.lang.RuntimeException: Error calling Put request 
	at java.net.InetAddress.getAllByName0(InetAddress.java:1280)
	at java.net.InetAddress.getAllByName(InetAddress.java:1192)
	at java.net.InetAddress.getAllByName(InetAddress.java:1126)
	at org.apache.http.impl.conn.SystemDefaultDnsResolver.resolve(SystemDefaultDnsResolver.java:45)
	at org.apache.http.impl.conn.DefaultHttpClientConnectionOperator.connect(DefaultHttpClientConnectionOperator.java:112)
	at org.apache.http.impl.conn.PoolingHttpClientConnectionManager.connect(PoolingHttpClientConnectionManager.java:359)
	at org.apache.http.impl.execchain.MainClientExec.establishRoute(MainClientExec.java:381)
	at org.apache.http.impl.execchain.MainClientExec.execute(MainClientExec.java:237)
	at org.apache.http.impl.execchain.ProtocolExec.execute(ProtocolExec.java:185)
	at org.apache.http.impl.execchain.RetryExec.execute(RetryExec.java:89)
	at org.apache.http.impl.execchain.RedirectExec.execute(RedirectExec.java:111)
	at org.apache.http.impl.client.InternalHttpClient.doExecute(InternalHttpClient.java:185)
	at org.apache.http.impl.client.CloseableHttpClient.execute(CloseableHttpClient.java:83)
	at com.myntra.test.commons.service.impl.BaseSvcImpl.put(BaseSvcImpl.java:476)
	at com.myntra.test.commons.service.HttpExecutorService.executeHttpService(HttpExecutorService.java:49)
	at com.myntra.apiTests.portalservices.atsService.ATSHelperV2.getATSAddresscore(ATSHelperV2.java:102)
	at com.myntra.apiTests.portalservices.atsService.TestATSAPISV2.testAddressScoreAPIValidatation(TestATSAPISV2.java:33)
</failure>
    <system-out><![CDATA[2018-05-17 15:50:12 [main] INFO  Toolbox:74 - Begining reading file './Data/payloads/JSON/ats/putaddresscore'
isV2TestCase: false
version: v1
tenantId: myntra
2018-05-17 15:50:12 [main] DEBUG DBValidator:57 - Passed Headers:  {Accept=Application/json, Content-Type=Application/json}
2018-05-17 15:50:12 [main] DEBUG BaseSvcImpl:455 - URI http://ats.mjint.myntra.com/myntra-ats-service/address/getscore
]]></system-out>
  </testcase>
  <testcase name="testAddressScoreAPIValidatation" classname="com.myntra.apiTests.portalservices.atsService.TestATSAPISV2" time="0.007">
    <failure message="Error calling Put request " type="java.lang.RuntimeException">java.lang.RuntimeException: Error calling Put request 
	at java.net.InetAddress.getAllByName0(InetAddress.java:1280)
	at java.net.InetAddress.getAllByName(InetAddress.java:1192)
	at java.net.InetAddress.getAllByName(InetAddress.java:1126)
	at org.apache.http.impl.conn.SystemDefaultDnsResolver.resolve(SystemDefaultDnsResolver.java:45)
	at org.apache.http.impl.conn.DefaultHttpClientConnectionOperator.connect(DefaultHttpClientConnectionOperator.java:112)
	at org.apache.http.impl.conn.PoolingHttpClientConnectionManager.connect(PoolingHttpClientConnectionManager.java:359)
	at org.apache.http.impl.execchain.MainClientExec.establishRoute(MainClientExec.java:381)
	at org.apache.http.impl.execchain.MainClientExec.execute(MainClientExec.java:237)
	at org.apache.http.impl.execchain.ProtocolExec.execute(ProtocolExec.java:185)
	at org.apache.http.impl.execchain.RetryExec.execute(RetryExec.java:89)
	at org.apache.http.impl.execchain.RedirectExec.execute(RedirectExec.java:111)
	at org.apache.http.impl.client.InternalHttpClient.doExecute(InternalHttpClient.java:185)
	at org.apache.http.impl.client.CloseableHttpClient.execute(CloseableHttpClient.java:83)
	at com.myntra.test.commons.service.impl.BaseSvcImpl.put(BaseSvcImpl.java:476)
	at com.myntra.test.commons.service.HttpExecutorService.executeHttpService(HttpExecutorService.java:49)
	at com.myntra.apiTests.portalservices.atsService.ATSHelperV2.getATSAddresscore(ATSHelperV2.java:102)
	at com.myntra.apiTests.portalservices.atsService.TestATSAPISV2.testAddressScoreAPIValidatation(TestATSAPISV2.java:33)
</failure>
    <system-out><![CDATA[2018-05-17 15:50:12 [main] INFO  Toolbox:74 - Begining reading file './Data/payloads/JSON/ats/putaddresscore'
isV2TestCase: false
version: v1
tenantId: myntra
2018-05-17 15:50:12 [main] DEBUG DBValidator:57 - Passed Headers:  {Accept=Application/json, Content-Type=Application/json}
2018-05-17 15:50:12 [main] DEBUG BaseSvcImpl:455 - URI http://ats.mjint.myntra.com/myntra-ats-service/address/getscore
]]></system-out>
  </testcase>
  <testcase name="testAddressScoreAPIValidatation" classname="com.myntra.apiTests.portalservices.atsService.TestATSAPISV2" time="0.007">
    <failure message="Error calling Put request " type="java.lang.RuntimeException">java.lang.RuntimeException: Error calling Put request 
	at java.net.InetAddress.getAllByName0(InetAddress.java:1280)
	at java.net.InetAddress.getAllByName(InetAddress.java:1192)
	at java.net.InetAddress.getAllByName(InetAddress.java:1126)
	at org.apache.http.impl.conn.SystemDefaultDnsResolver.resolve(SystemDefaultDnsResolver.java:45)
	at org.apache.http.impl.conn.DefaultHttpClientConnectionOperator.connect(DefaultHttpClientConnectionOperator.java:112)
	at org.apache.http.impl.conn.PoolingHttpClientConnectionManager.connect(PoolingHttpClientConnectionManager.java:359)
	at org.apache.http.impl.execchain.MainClientExec.establishRoute(MainClientExec.java:381)
	at org.apache.http.impl.execchain.MainClientExec.execute(MainClientExec.java:237)
	at org.apache.http.impl.execchain.ProtocolExec.execute(ProtocolExec.java:185)
	at org.apache.http.impl.execchain.RetryExec.execute(RetryExec.java:89)
	at org.apache.http.impl.execchain.RedirectExec.execute(RedirectExec.java:111)
	at org.apache.http.impl.client.InternalHttpClient.doExecute(InternalHttpClient.java:185)
	at org.apache.http.impl.client.CloseableHttpClient.execute(CloseableHttpClient.java:83)
	at com.myntra.test.commons.service.impl.BaseSvcImpl.put(BaseSvcImpl.java:476)
	at com.myntra.test.commons.service.HttpExecutorService.executeHttpService(HttpExecutorService.java:49)
	at com.myntra.apiTests.portalservices.atsService.ATSHelperV2.getATSAddresscore(ATSHelperV2.java:102)
	at com.myntra.apiTests.portalservices.atsService.TestATSAPISV2.testAddressScoreAPIValidatation(TestATSAPISV2.java:33)
</failure>
    <system-out><![CDATA[2018-05-17 15:50:12 [main] INFO  Toolbox:74 - Begining reading file './Data/payloads/JSON/ats/putaddresscore'
isV2TestCase: false
version: v1
tenantId: myntra
2018-05-17 15:50:12 [main] DEBUG DBValidator:57 - Passed Headers:  {Accept=Application/json, Content-Type=Application/json}
2018-05-17 15:50:12 [main] DEBUG BaseSvcImpl:455 - URI http://ats.mjint.myntra.com/myntra-ats-service/address/getscore
]]></system-out>
  </testcase>
  <testcase name="testAddressScoreAPIValidatation" classname="com.myntra.apiTests.portalservices.atsService.TestATSAPISV2" time="0.007">
    <failure message="Error calling Put request " type="java.lang.RuntimeException">java.lang.RuntimeException: Error calling Put request 
	at java.net.InetAddress.getAllByName0(InetAddress.java:1280)
	at java.net.InetAddress.getAllByName(InetAddress.java:1192)
	at java.net.InetAddress.getAllByName(InetAddress.java:1126)
	at org.apache.http.impl.conn.SystemDefaultDnsResolver.resolve(SystemDefaultDnsResolver.java:45)
	at org.apache.http.impl.conn.DefaultHttpClientConnectionOperator.connect(DefaultHttpClientConnectionOperator.java:112)
	at org.apache.http.impl.conn.PoolingHttpClientConnectionManager.connect(PoolingHttpClientConnectionManager.java:359)
	at org.apache.http.impl.execchain.MainClientExec.establishRoute(MainClientExec.java:381)
	at org.apache.http.impl.execchain.MainClientExec.execute(MainClientExec.java:237)
	at org.apache.http.impl.execchain.ProtocolExec.execute(ProtocolExec.java:185)
	at org.apache.http.impl.execchain.RetryExec.execute(RetryExec.java:89)
	at org.apache.http.impl.execchain.RedirectExec.execute(RedirectExec.java:111)
	at org.apache.http.impl.client.InternalHttpClient.doExecute(InternalHttpClient.java:185)
	at org.apache.http.impl.client.CloseableHttpClient.execute(CloseableHttpClient.java:83)
	at com.myntra.test.commons.service.impl.BaseSvcImpl.put(BaseSvcImpl.java:476)
	at com.myntra.test.commons.service.HttpExecutorService.executeHttpService(HttpExecutorService.java:49)
	at com.myntra.apiTests.portalservices.atsService.ATSHelperV2.getATSAddresscore(ATSHelperV2.java:102)
	at com.myntra.apiTests.portalservices.atsService.TestATSAPISV2.testAddressScoreAPIValidatation(TestATSAPISV2.java:33)
</failure>
    <system-out><![CDATA[2018-05-17 15:50:12 [main] INFO  Toolbox:74 - Begining reading file './Data/payloads/JSON/ats/putaddresscore'
isV2TestCase: false
version: v1
tenantId: myntra
2018-05-17 15:50:12 [main] DEBUG DBValidator:57 - Passed Headers:  {Accept=Application/json, Content-Type=Application/json}
2018-05-17 15:50:12 [main] DEBUG BaseSvcImpl:455 - URI http://ats.mjint.myntra.com/myntra-ats-service/address/getscore
]]></system-out>
  </testcase>
  <testcase name="testAddressScoreAPIValidatation" classname="com.myntra.apiTests.portalservices.atsService.TestATSAPISV2" time="0.01">
    <failure message="Error calling Put request " type="java.lang.RuntimeException">java.lang.RuntimeException: Error calling Put request 
	at java.net.InetAddress.getAllByName0(InetAddress.java:1280)
	at java.net.InetAddress.getAllByName(InetAddress.java:1192)
	at java.net.InetAddress.getAllByName(InetAddress.java:1126)
	at org.apache.http.impl.conn.SystemDefaultDnsResolver.resolve(SystemDefaultDnsResolver.java:45)
	at org.apache.http.impl.conn.DefaultHttpClientConnectionOperator.connect(DefaultHttpClientConnectionOperator.java:112)
	at org.apache.http.impl.conn.PoolingHttpClientConnectionManager.connect(PoolingHttpClientConnectionManager.java:359)
	at org.apache.http.impl.execchain.MainClientExec.establishRoute(MainClientExec.java:381)
	at org.apache.http.impl.execchain.MainClientExec.execute(MainClientExec.java:237)
	at org.apache.http.impl.execchain.ProtocolExec.execute(ProtocolExec.java:185)
	at org.apache.http.impl.execchain.RetryExec.execute(RetryExec.java:89)
	at org.apache.http.impl.execchain.RedirectExec.execute(RedirectExec.java:111)
	at org.apache.http.impl.client.InternalHttpClient.doExecute(InternalHttpClient.java:185)
	at org.apache.http.impl.client.CloseableHttpClient.execute(CloseableHttpClient.java:83)
	at com.myntra.test.commons.service.impl.BaseSvcImpl.put(BaseSvcImpl.java:476)
	at com.myntra.test.commons.service.HttpExecutorService.executeHttpService(HttpExecutorService.java:49)
	at com.myntra.apiTests.portalservices.atsService.ATSHelperV2.getATSAddresscore(ATSHelperV2.java:102)
	at com.myntra.apiTests.portalservices.atsService.TestATSAPISV2.testAddressScoreAPIValidatation(TestATSAPISV2.java:33)
</failure>
    <system-out><![CDATA[2018-05-17 15:50:12 [main] INFO  Toolbox:74 - Begining reading file './Data/payloads/JSON/ats/putaddresscore'
isV2TestCase: false
version: v1
tenantId: myntra
2018-05-17 15:50:12 [main] DEBUG DBValidator:57 - Passed Headers:  {Accept=Application/json, Content-Type=Application/json}
2018-05-17 15:50:12 [main] DEBUG BaseSvcImpl:455 - URI http://ats.mjint.myntra.com/myntra-ats-service/address/getscore
]]></system-out>
  </testcase>
  <testcase name="testAddressScoreAPIValidatation" classname="com.myntra.apiTests.portalservices.atsService.TestATSAPISV2" time="0.006">
    <failure message="Error calling Put request " type="java.lang.RuntimeException">java.lang.RuntimeException: Error calling Put request 
	at java.net.InetAddress.getAllByName0(InetAddress.java:1280)
	at java.net.InetAddress.getAllByName(InetAddress.java:1192)
	at java.net.InetAddress.getAllByName(InetAddress.java:1126)
	at org.apache.http.impl.conn.SystemDefaultDnsResolver.resolve(SystemDefaultDnsResolver.java:45)
	at org.apache.http.impl.conn.DefaultHttpClientConnectionOperator.connect(DefaultHttpClientConnectionOperator.java:112)
	at org.apache.http.impl.conn.PoolingHttpClientConnectionManager.connect(PoolingHttpClientConnectionManager.java:359)
	at org.apache.http.impl.execchain.MainClientExec.establishRoute(MainClientExec.java:381)
	at org.apache.http.impl.execchain.MainClientExec.execute(MainClientExec.java:237)
	at org.apache.http.impl.execchain.ProtocolExec.execute(ProtocolExec.java:185)
	at org.apache.http.impl.execchain.RetryExec.execute(RetryExec.java:89)
	at org.apache.http.impl.execchain.RedirectExec.execute(RedirectExec.java:111)
	at org.apache.http.impl.client.InternalHttpClient.doExecute(InternalHttpClient.java:185)
	at org.apache.http.impl.client.CloseableHttpClient.execute(CloseableHttpClient.java:83)
	at com.myntra.test.commons.service.impl.BaseSvcImpl.put(BaseSvcImpl.java:476)
	at com.myntra.test.commons.service.HttpExecutorService.executeHttpService(HttpExecutorService.java:49)
	at com.myntra.apiTests.portalservices.atsService.ATSHelperV2.getATSAddresscore(ATSHelperV2.java:102)
	at com.myntra.apiTests.portalservices.atsService.TestATSAPISV2.testAddressScoreAPIValidatation(TestATSAPISV2.java:33)
</failure>
    <system-out><![CDATA[2018-05-17 15:50:12 [main] INFO  Toolbox:74 - Begining reading file './Data/payloads/JSON/ats/putaddresscore'
isV2TestCase: false
version: v1
tenantId: myntra
2018-05-17 15:50:12 [main] DEBUG DBValidator:57 - Passed Headers:  {Accept=Application/json, Content-Type=Application/json}
2018-05-17 15:50:12 [main] DEBUG BaseSvcImpl:455 - URI http://ats.mjint.myntra.com/myntra-ats-service/address/getscore
]]></system-out>
  </testcase>
  <testcase name="testAddressScoreAPIValidatation" classname="com.myntra.apiTests.portalservices.atsService.TestATSAPISV2" time="0.008">
    <failure message="Error calling Put request " type="java.lang.RuntimeException">java.lang.RuntimeException: Error calling Put request 
	at java.net.InetAddress.getAllByName0(InetAddress.java:1280)
	at java.net.InetAddress.getAllByName(InetAddress.java:1192)
	at java.net.InetAddress.getAllByName(InetAddress.java:1126)
	at org.apache.http.impl.conn.SystemDefaultDnsResolver.resolve(SystemDefaultDnsResolver.java:45)
	at org.apache.http.impl.conn.DefaultHttpClientConnectionOperator.connect(DefaultHttpClientConnectionOperator.java:112)
	at org.apache.http.impl.conn.PoolingHttpClientConnectionManager.connect(PoolingHttpClientConnectionManager.java:359)
	at org.apache.http.impl.execchain.MainClientExec.establishRoute(MainClientExec.java:381)
	at org.apache.http.impl.execchain.MainClientExec.execute(MainClientExec.java:237)
	at org.apache.http.impl.execchain.ProtocolExec.execute(ProtocolExec.java:185)
	at org.apache.http.impl.execchain.RetryExec.execute(RetryExec.java:89)
	at org.apache.http.impl.execchain.RedirectExec.execute(RedirectExec.java:111)
	at org.apache.http.impl.client.InternalHttpClient.doExecute(InternalHttpClient.java:185)
	at org.apache.http.impl.client.CloseableHttpClient.execute(CloseableHttpClient.java:83)
	at com.myntra.test.commons.service.impl.BaseSvcImpl.put(BaseSvcImpl.java:476)
	at com.myntra.test.commons.service.HttpExecutorService.executeHttpService(HttpExecutorService.java:49)
	at com.myntra.apiTests.portalservices.atsService.ATSHelperV2.getATSAddresscore(ATSHelperV2.java:102)
	at com.myntra.apiTests.portalservices.atsService.TestATSAPISV2.testAddressScoreAPIValidatation(TestATSAPISV2.java:33)
</failure>
    <system-out><![CDATA[2018-05-17 15:50:12 [main] INFO  Toolbox:74 - Begining reading file './Data/payloads/JSON/ats/putaddresscore'
isV2TestCase: false
version: v1
tenantId: myntra
2018-05-17 15:50:12 [main] DEBUG DBValidator:57 - Passed Headers:  {Accept=Application/json, Content-Type=Application/json}
2018-05-17 15:50:12 [main] DEBUG BaseSvcImpl:455 - URI http://ats.mjint.myntra.com/myntra-ats-service/address/getscore
]]></system-out>
  </testcase>
</testsuite>